-- Found geometry_msgs: 2.0.5 (/opt/ros/foxy/share/geometry_msgs/cmake)
-- Using PYTHON_EXECUTABLE: /usr/bin/python3
-- Using all available rosidl_typesupport_c: rosidl_typesupport_fastrtps_c;rosidl_typesupport_introspection_c
-- Found rosidl_adapter: 1.3.1 (/opt/ros/foxy/share/rosidl_adapter/cmake)
-- Using all available rosidl_typesupport_cpp: rosidl_typesupport_fastrtps_cpp;rosidl_typesupport_introspection_cpp
-- Found eufs_msgs: 2.0.0 (/home/danielnguyen/cmr/isam2-heuristic-node/install/eufs_msgs/share/eufs_msgs/cmake)
-- Found rclcpp: 2.4.3 (/opt/ros/foxy/share/rclcpp/cmake)
-- Found rmw_implementation_cmake: 1.0.4 (/opt/ros/foxy/share/rmw_implementation_cmake/cmake)
-- Using RMW implementation 'rmw_fastrtps_cpp' as default
-- Looking for pthread.h
-- Looking for pthread.h - found
-- Performing Test CMAKE_HAVE_LIBC_PTHREAD
-- Performing Test CMAKE_HAVE_LIBC_PTHREAD - Failed
-- Looking for pthread_create in pthreads
-- Looking for pthread_create in pthreads - not found
-- Looking for pthread_create in pthread
-- Looking for pthread_create in pthread - found
-- Found Threads: TRUE  
-- Found message_filters: 3.2.7 (/opt/ros/foxy/share/message_filters/cmake)
-- Found Boost: /usr/lib/x86_64-linux-gnu/cmake/Boost-1.71.0/BoostConfig.cmake (found suitable version "1.71.0", minimum required is "1.65") found components: serialization system filesystem thread program_options date_time timer chrono regex 
-- GTSAM include directory:  /usr/local/lib/cmake/GTSAM/../../../include
-- Configuring done
-- Generating done
-- Build files have been written to: /home/danielnguyen/cmr/isam2-heuristic-node/build/isam2
[35m[1mScanning dependencies of target isam_test[0m
[ 50%] [32mBuilding CXX object CMakeFiles/isam_test.dir/isam2Node.cpp.o[0m
[100%] [32m[1mLinking CXX executable isam_test[0m
[100%] Built target isam_test
-- Install configuration: ""
-- Installing: /home/danielnguyen/cmr/isam2-heuristic-node/install/isam2/lib/isam2/isam_test
-- Set runtime path of "/home/danielnguyen/cmr/isam2-heuristic-node/install/isam2/lib/isam2/isam_test" to ""
-- Installing: /home/danielnguyen/cmr/isam2-heuristic-node/install/isam2/share/ament_index/resource_index/package_run_dependencies/isam2
-- Installing: /home/danielnguyen/cmr/isam2-heuristic-node/install/isam2/share/ament_index/resource_index/parent_prefix_path/isam2
-- Installing: /home/danielnguyen/cmr/isam2-heuristic-node/install/isam2/share/isam2/environment/ament_prefix_path.sh
-- Installing: /home/danielnguyen/cmr/isam2-heuristic-node/install/isam2/share/isam2/environment/ament_prefix_path.dsv
-- Installing: /home/danielnguyen/cmr/isam2-heuristic-node/install/isam2/share/isam2/environment/path.sh
-- Installing: /home/danielnguyen/cmr/isam2-heuristic-node/install/isam2/share/isam2/environment/path.dsv
-- Installing: /home/danielnguyen/cmr/isam2-heuristic-node/install/isam2/share/isam2/local_setup.bash
-- Installing: /home/danielnguyen/cmr/isam2-heuristic-node/install/isam2/share/isam2/local_setup.sh
-- Installing: /home/danielnguyen/cmr/isam2-heuristic-node/install/isam2/share/isam2/local_setup.zsh
-- Installing: /home/danielnguyen/cmr/isam2-heuristic-node/install/isam2/share/isam2/local_setup.dsv
-- Installing: /home/danielnguyen/cmr/isam2-heuristic-node/install/isam2/share/isam2/package.dsv
-- Installing: /home/danielnguyen/cmr/isam2-heuristic-node/install/isam2/share/ament_index/resource_index/packages/isam2
-- Installing: /home/danielnguyen/cmr/isam2-heuristic-node/install/isam2/share/isam2/cmake/ament_cmake_export_include_directories-extras.cmake
-- Installing: /home/danielnguyen/cmr/isam2-heuristic-node/install/isam2/share/isam2/cmake/isam2Config.cmake
-- Installing: /home/danielnguyen/cmr/isam2-heuristic-node/install/isam2/share/isam2/cmake/isam2Config-version.cmake
-- Installing: /home/danielnguyen/cmr/isam2-heuristic-node/install/isam2/share/isam2/package.xml
