-- Found geometry_msgs: 2.0.5 (/opt/ros/foxy/share/geometry_msgs/cmake)
-- Using PYTHON_EXECUTABLE: /usr/bin/python3
-- Using all available rosidl_typesupport_c: rosidl_typesupport_fastrtps_c;rosidl_typesupport_introspection_c
-- Found rosidl_adapter: 1.3.1 (/opt/ros/foxy/share/rosidl_adapter/cmake)
-- Using all available rosidl_typesupport_cpp: rosidl_typesupport_fastrtps_cpp;rosidl_typesupport_introspection_cpp
-- Found eufs_msgs: 2.0.0 (/home/danielnguyen/cmr/isam2-heuristic-node/install/eufs_msgs/share/eufs_msgs/cmake)
-- Found rclcpp: 2.4.3 (/opt/ros/foxy/share/rclcpp/cmake)
-- Found rmw_implementation_cmake: 1.0.4 (/opt/ros/foxy/share/rmw_implementation_cmake/cmake)
-- Using RMW implementation 'rmw_fastrtps_cpp' as default
-- Looking for pthread.h
-- Looking for pthread.h - found
-- Performing Test CMAKE_HAVE_LIBC_PTHREAD
-- Performing Test CMAKE_HAVE_LIBC_PTHREAD - Failed
-- Looking for pthread_create in pthreads
-- Looking for pthread_create in pthreads - not found
-- Looking for pthread_create in pthread
-- Looking for pthread_create in pthread - found
-- Found Threads: TRUE  
-- Found message_filters: 3.2.7 (/opt/ros/foxy/share/message_filters/cmake)
-- Found Boost: /usr/lib/x86_64-linux-gnu/cmake/Boost-1.71.0/BoostConfig.cmake (found suitable version "1.71.0", minimum required is "1.65") found components: serialization system filesystem thread program_options date_time timer chrono regex 
-- GTSAM include directory:  /usr/local/lib/cmake/GTSAM/../../../include
-- Configuring done
-- Generating done
-- Build files have been written to: /home/danielnguyen/cmr/isam2-heuristic-node/build/isam2
[35m[1mScanning dependencies of target isam_test[0m
[ 50%] [32mBuilding CXX object CMakeFiles/isam_test.dir/isam2Node.cpp.o[0m
In file included from [01m[K/home/danielnguyen/cmr/isam2-heuristic-node/workspace/src/isam2/isam2.cpp:29[m[K,
                 from [01m[K/home/danielnguyen/cmr/isam2-heuristic-node/workspace/src/isam2/isam2Node.cpp:24[m[K:
[01m[K/usr/local/include/gtsam/slam/BearingRangeFactor.h:18:2:[m[K [01;35m[Kwarning: [m[K#warning "BearingRangeFactor is now an ExpressionFactor in SAM directory" [[01;35m[K-Wcpp[m[K]
   18 | #[01;35m[Kwarning[m[K "BearingRangeFactor is now an ExpressionFactor in SAM directory"
      |  [01;35m[K^~~~~~~[m[K
In file included from [01m[K/home/danielnguyen/cmr/isam2-heuristic-node/workspace/src/isam2/isam2Node.cpp:24[m[K:
[01m[K/home/danielnguyen/cmr/isam2-heuristic-node/workspace/src/isam2/isam2.cpp:107:28:[m[K [01;35m[Kwarning: [m[Kuse of ‘[01m[Kauto[m[K’ in parameter declaration only available with ‘[01m[K-fconcepts[m[K’
  107 |     double mahalanobisDist([01;35m[Kauto[m[K logger, Pose2 measurement,Pose2 landmark,Symbol landmark_key){
      |                            [01;35m[K^~~~[m[K
[01m[K/home/danielnguyen/cmr/isam2-heuristic-node/workspace/src/isam2/isam2.cpp:136:19:[m[K [01;35m[Kwarning: [m[Kuse of ‘[01m[Kauto[m[K’ in parameter declaration only available with ‘[01m[K-fconcepts[m[K’
  136 |     int associate([01;35m[Kauto[m[K logger, Pose2 measurement) {
      |                   [01;35m[K^~~~[m[K
[01m[K/home/danielnguyen/cmr/isam2-heuristic-node/workspace/src/isam2/isam2.cpp:162:15:[m[K [01;35m[Kwarning: [m[Kuse of ‘[01m[Kauto[m[K’ in parameter declaration only available with ‘[01m[K-fconcepts[m[K’
  162 |     void step([01;35m[Kauto[m[K logger, gtsam::Pose2 global_odom, std::vector<Point2> &cone_obs, std::vector<Point2> &orange_ref_cones, gtsam::Point2 velocity,long time_ns, bool loopClosure) {
      |               [01;35m[K^~~~[m[K
[01m[K/home/danielnguyen/cmr/isam2-heuristic-node/workspace/src/isam2/isam2Node.cpp:[m[K In constructor ‘[01m[KSLAMValidation::SLAMValidation()[m[K’:
[01m[K/home/danielnguyen/cmr/isam2-heuristic-node/workspace/src/isam2/isam2Node.cpp:58:25:[m[K [01;35m[Kwarning: [m[Kvariable ‘[01m[Kbest_effort_qos[m[K’ set but not used [[01;35m[K-Wunused-but-set-variable[m[K]
   58 |       rmw_qos_profile_t [01;35m[Kbest_effort_qos[m[K = rmw_qos_profile_default;
      |                         [01;35m[K^~~~~~~~~~~~~~~[m[K
In file included from [01m[K/home/danielnguyen/cmr/isam2-heuristic-node/workspace/src/isam2/isam2Node.cpp:24[m[K:
/home/danielnguyen/cmr/isam2-heuristic-node/workspace/src/isam2/isam2.cpp: In instantiation of ‘[01m[Kvoid slamISAM::step(auto:35, gtsam::Pose2, std::vector<Eigen::Matrix<double, 2, 1> >&, std::vector<Eigen::Matrix<double, 2, 1> >&, gtsam::Point2, long int, bool) [with auto:35 = rclcpp::Logger; gtsam::Point2 = Eigen::Matrix<double, 2, 1>][m[K’:
[01m[K/home/danielnguyen/cmr/isam2-heuristic-node/workspace/src/isam2/isam2Node.cpp:210:105:[m[K   required from here
[01m[K/home/danielnguyen/cmr/isam2-heuristic-node/workspace/src/isam2/isam2.cpp:162:138:[m[K [01;35m[Kwarning: [m[Kunused parameter ‘[01m[Kvelocity[m[K’ [[01;35m[K-Wunused-parameter[m[K]
  162 | d::vector<Point2> &cone_obs, std::vector<Point2> &orange_ref_cones, [01;35m[Kgtsam::Point2 velocity[m[K,long time_ns, bool loopClosure) {
      |                                                                     [01;35m[K~~~~~~~~~~~~~~^~~~~~~~[m[K

[01m[K/home/danielnguyen/cmr/isam2-heuristic-node/workspace/src/isam2/isam2.cpp:162:152:[m[K [01;35m[Kwarning: [m[Kunused parameter ‘[01m[Ktime_ns[m[K’ [[01;35m[K-Wunused-parameter[m[K]
  162 | t2> &cone_obs, std::vector<Point2> &orange_ref_cones, gtsam::Point2 velocity,[01;35m[Klong time_ns[m[K, bool loopClosure) {
      |                                                                              [01;35m[K~~~~~^~~~~~~[m[K

[100%] [32m[1mLinking CXX executable isam_test[0m
[100%] Built target isam_test
-- Install configuration: ""
-- Installing: /home/danielnguyen/cmr/isam2-heuristic-node/install/isam2/lib/isam2/isam_test
-- Set runtime path of "/home/danielnguyen/cmr/isam2-heuristic-node/install/isam2/lib/isam2/isam_test" to ""
-- Installing: /home/danielnguyen/cmr/isam2-heuristic-node/install/isam2/share/ament_index/resource_index/package_run_dependencies/isam2
-- Installing: /home/danielnguyen/cmr/isam2-heuristic-node/install/isam2/share/ament_index/resource_index/parent_prefix_path/isam2
-- Installing: /home/danielnguyen/cmr/isam2-heuristic-node/install/isam2/share/isam2/environment/ament_prefix_path.sh
-- Installing: /home/danielnguyen/cmr/isam2-heuristic-node/install/isam2/share/isam2/environment/ament_prefix_path.dsv
-- Installing: /home/danielnguyen/cmr/isam2-heuristic-node/install/isam2/share/isam2/environment/path.sh
-- Installing: /home/danielnguyen/cmr/isam2-heuristic-node/install/isam2/share/isam2/environment/path.dsv
-- Installing: /home/danielnguyen/cmr/isam2-heuristic-node/install/isam2/share/isam2/local_setup.bash
-- Installing: /home/danielnguyen/cmr/isam2-heuristic-node/install/isam2/share/isam2/local_setup.sh
-- Installing: /home/danielnguyen/cmr/isam2-heuristic-node/install/isam2/share/isam2/local_setup.zsh
-- Installing: /home/danielnguyen/cmr/isam2-heuristic-node/install/isam2/share/isam2/local_setup.dsv
-- Installing: /home/danielnguyen/cmr/isam2-heuristic-node/install/isam2/share/isam2/package.dsv
-- Installing: /home/danielnguyen/cmr/isam2-heuristic-node/install/isam2/share/ament_index/resource_index/packages/isam2
-- Installing: /home/danielnguyen/cmr/isam2-heuristic-node/install/isam2/share/isam2/cmake/ament_cmake_export_include_directories-extras.cmake
-- Installing: /home/danielnguyen/cmr/isam2-heuristic-node/install/isam2/share/isam2/cmake/isam2Config.cmake
-- Installing: /home/danielnguyen/cmr/isam2-heuristic-node/install/isam2/share/isam2/cmake/isam2Config-version.cmake
-- Installing: /home/danielnguyen/cmr/isam2-heuristic-node/install/isam2/share/isam2/package.xml
