[0.194s] Invoking command in '/home/danielnguyen/cmr/isam2-heuristic-node/build/isam2': AMENT_PREFIX_PATH=/home/danielnguyen/cmr/isam2-heuristic-node/install/eufs_msgs:${AMENT_PREFIX_PATH} CMAKE_PREFIX_PATH=/home/danielnguyen/cmr/isam2-heuristic-node/install/eufs_msgs:/opt/ros/foxy LD_LIBRARY_PATH=/home/danielnguyen/cmr/isam2-heuristic-node/install/eufs_msgs/lib:${LD_LIBRARY_PATH} PYTHONPATH=/home/danielnguyen/cmr/isam2-heuristic-node/install/eufs_msgs/lib/python3.8/site-packages:${PYTHONPATH} /usr/bin/cmake /home/danielnguyen/cmr/isam2-heuristic-node/workspace/src/isam2 -DCMAKE_INSTALL_PREFIX=/home/danielnguyen/cmr/isam2-heuristic-node/install/isam2
[0.207s] -- Found geometry_msgs: 2.0.5 (/opt/ros/foxy/share/geometry_msgs/cmake)
[0.229s] -- Using PYTHON_EXECUTABLE: /usr/bin/python3
[0.483s] -- Using all available rosidl_typesupport_c: rosidl_typesupport_fastrtps_c;rosidl_typesupport_introspection_c
[0.486s] -- Found rosidl_adapter: 1.3.1 (/opt/ros/foxy/share/rosidl_adapter/cmake)
[0.606s] -- Using all available rosidl_typesupport_cpp: rosidl_typesupport_fastrtps_cpp;rosidl_typesupport_introspection_cpp
[0.691s] -- Found eufs_msgs: 2.0.0 (/home/danielnguyen/cmr/isam2-heuristic-node/install/eufs_msgs/share/eufs_msgs/cmake)
[1.039s] -- Found rclcpp: 2.4.3 (/opt/ros/foxy/share/rclcpp/cmake)
[1.118s] -- Found rmw_implementation_cmake: 1.0.4 (/opt/ros/foxy/share/rmw_implementation_cmake/cmake)
[1.120s] -- Using RMW implementation 'rmw_fastrtps_cpp' as default
[1.121s] -- Looking for pthread.h
[1.201s] -- Looking for pthread.h - found
[1.201s] -- Performing Test CMAKE_HAVE_LIBC_PTHREAD
[1.285s] -- Performing Test CMAKE_HAVE_LIBC_PTHREAD - Failed
[1.285s] -- Looking for pthread_create in pthreads
[1.356s] -- Looking for pthread_create in pthreads - not found
[1.357s] -- Looking for pthread_create in pthread
[1.444s] -- Looking for pthread_create in pthread - found
[1.446s] -- Found Threads: TRUE  
[1.619s] -- Found message_filters: 3.2.7 (/opt/ros/foxy/share/message_filters/cmake)
[1.666s] -- Found Boost: /usr/lib/x86_64-linux-gnu/cmake/Boost-1.71.0/BoostConfig.cmake (found suitable version "1.71.0", minimum required is "1.65") found components: serialization system filesystem thread program_options date_time timer chrono regex 
[1.673s] -- GTSAM include directory:  /usr/local/lib/cmake/GTSAM/../../../include
[1.754s] -- Configuring done
[1.777s] -- Generating done
[1.779s] -- Build files have been written to: /home/danielnguyen/cmr/isam2-heuristic-node/build/isam2
[1.788s] Invoked command in '/home/danielnguyen/cmr/isam2-heuristic-node/build/isam2' returned '0': AMENT_PREFIX_PATH=/home/danielnguyen/cmr/isam2-heuristic-node/install/eufs_msgs:${AMENT_PREFIX_PATH} CMAKE_PREFIX_PATH=/home/danielnguyen/cmr/isam2-heuristic-node/install/eufs_msgs:/opt/ros/foxy LD_LIBRARY_PATH=/home/danielnguyen/cmr/isam2-heuristic-node/install/eufs_msgs/lib:${LD_LIBRARY_PATH} PYTHONPATH=/home/danielnguyen/cmr/isam2-heuristic-node/install/eufs_msgs/lib/python3.8/site-packages:${PYTHONPATH} /usr/bin/cmake /home/danielnguyen/cmr/isam2-heuristic-node/workspace/src/isam2 -DCMAKE_INSTALL_PREFIX=/home/danielnguyen/cmr/isam2-heuristic-node/install/isam2
[1.791s] Invoking command in '/home/danielnguyen/cmr/isam2-heuristic-node/build/isam2': AMENT_PREFIX_PATH=/home/danielnguyen/cmr/isam2-heuristic-node/install/eufs_msgs:${AMENT_PREFIX_PATH} CMAKE_PREFIX_PATH=/home/danielnguyen/cmr/isam2-heuristic-node/install/eufs_msgs:/opt/ros/foxy LD_LIBRARY_PATH=/home/danielnguyen/cmr/isam2-heuristic-node/install/eufs_msgs/lib:${LD_LIBRARY_PATH} PYTHONPATH=/home/danielnguyen/cmr/isam2-heuristic-node/install/eufs_msgs/lib/python3.8/site-packages:${PYTHONPATH} /usr/bin/cmake --build /home/danielnguyen/cmr/isam2-heuristic-node/build/isam2 -- -j8 -l8
[1.841s] [35m[1mScanning dependencies of target isam_test[0m
[2.053s] [ 50%] [32mBuilding CXX object CMakeFiles/isam_test.dir/isam2Node.cpp.o[0m
[2.396s] In file included from [01m[K/home/danielnguyen/cmr/isam2-heuristic-node/workspace/src/isam2/isam2.cpp:29[m[K,
[2.396s]                  from [01m[K/home/danielnguyen/cmr/isam2-heuristic-node/workspace/src/isam2/isam2Node.cpp:24[m[K:
[2.397s] [01m[K/usr/local/include/gtsam/slam/BearingRangeFactor.h:18:2:[m[K [01;35m[Kwarning: [m[K#warning "BearingRangeFactor is now an ExpressionFactor in SAM directory" [[01;35m[K-Wcpp[m[K]
[2.397s]    18 | #[01;35m[Kwarning[m[K "BearingRangeFactor is now an ExpressionFactor in SAM directory"
[2.397s]       |  [01;35m[K^~~~~~~[m[K
[7.456s] In file included from [01m[K/home/danielnguyen/cmr/isam2-heuristic-node/workspace/src/isam2/isam2Node.cpp:24[m[K:
[7.457s] [01m[K/home/danielnguyen/cmr/isam2-heuristic-node/workspace/src/isam2/isam2.cpp:107:28:[m[K [01;35m[Kwarning: [m[Kuse of ‘[01m[Kauto[m[K’ in parameter declaration only available with ‘[01m[K-fconcepts[m[K’
[7.457s]   107 |     double mahalanobisDist([01;35m[Kauto[m[K logger, Pose2 measurement,Pose2 landmark,Symbol landmark_key){
[7.457s]       |                            [01;35m[K^~~~[m[K
[7.457s] [01m[K/home/danielnguyen/cmr/isam2-heuristic-node/workspace/src/isam2/isam2.cpp:136:19:[m[K [01;35m[Kwarning: [m[Kuse of ‘[01m[Kauto[m[K’ in parameter declaration only available with ‘[01m[K-fconcepts[m[K’
[7.457s]   136 |     int associate([01;35m[Kauto[m[K logger, Pose2 measurement) {
[7.457s]       |                   [01;35m[K^~~~[m[K
[7.457s] [01m[K/home/danielnguyen/cmr/isam2-heuristic-node/workspace/src/isam2/isam2.cpp:162:15:[m[K [01;35m[Kwarning: [m[Kuse of ‘[01m[Kauto[m[K’ in parameter declaration only available with ‘[01m[K-fconcepts[m[K’
[7.457s]   162 |     void step([01;35m[Kauto[m[K logger, gtsam::Pose2 global_odom, std::vector<Point2> &cone_obs, std::vector<Point2> &orange_ref_cones, gtsam::Point2 velocity,long time_ns, bool loopClosure) {
[7.457s]       |               [01;35m[K^~~~[m[K
[7.614s] [01m[K/home/danielnguyen/cmr/isam2-heuristic-node/workspace/src/isam2/isam2Node.cpp:[m[K In constructor ‘[01m[KSLAMValidation::SLAMValidation()[m[K’:
[7.615s] [01m[K/home/danielnguyen/cmr/isam2-heuristic-node/workspace/src/isam2/isam2Node.cpp:58:25:[m[K [01;35m[Kwarning: [m[Kvariable ‘[01m[Kbest_effort_qos[m[K’ set but not used [[01;35m[K-Wunused-but-set-variable[m[K]
[7.615s]    58 |       rmw_qos_profile_t [01;35m[Kbest_effort_qos[m[K = rmw_qos_profile_default;
[7.615s]       |                         [01;35m[K^~~~~~~~~~~~~~~[m[K
[7.975s] In file included from [01m[K/home/danielnguyen/cmr/isam2-heuristic-node/workspace/src/isam2/isam2Node.cpp:24[m[K:
[7.975s] /home/danielnguyen/cmr/isam2-heuristic-node/workspace/src/isam2/isam2.cpp: In instantiation of ‘[01m[Kvoid slamISAM::step(auto:35, gtsam::Pose2, std::vector<Eigen::Matrix<double, 2, 1> >&, std::vector<Eigen::Matrix<double, 2, 1> >&, gtsam::Point2, long int, bool) [with auto:35 = rclcpp::Logger; gtsam::Point2 = Eigen::Matrix<double, 2, 1>][m[K’:
[7.975s] [01m[K/home/danielnguyen/cmr/isam2-heuristic-node/workspace/src/isam2/isam2Node.cpp:210:105:[m[K   required from here
[7.975s] [01m[K/home/danielnguyen/cmr/isam2-heuristic-node/workspace/src/isam2/isam2.cpp:162:138:[m[K [01;35m[Kwarning: [m[Kunused parameter ‘[01m[Kvelocity[m[K’ [[01;35m[K-Wunused-parameter[m[K]
[7.976s]   162 | d::vector<Point2> &cone_obs, std::vector<Point2> &orange_ref_cones, [01;35m[Kgtsam::Point2 velocity[m[K,long time_ns, bool loopClosure) {
[7.976s]       |                                                                     [01;35m[K~~~~~~~~~~~~~~^~~~~~~~[m[K
[7.976s] 
[7.976s] [01m[K/home/danielnguyen/cmr/isam2-heuristic-node/workspace/src/isam2/isam2.cpp:162:152:[m[K [01;35m[Kwarning: [m[Kunused parameter ‘[01m[Ktime_ns[m[K’ [[01;35m[K-Wunused-parameter[m[K]
[7.976s]   162 | t2> &cone_obs, std::vector<Point2> &orange_ref_cones, gtsam::Point2 velocity,[01;35m[Klong time_ns[m[K, bool loopClosure) {
[7.976s]       |                                                                              [01;35m[K~~~~~^~~~~~~[m[K
[7.976s] 
[21.530s] [100%] [32m[1mLinking CXX executable isam_test[0m
[22.438s] [100%] Built target isam_test
[22.454s] Invoked command in '/home/danielnguyen/cmr/isam2-heuristic-node/build/isam2' returned '0': AMENT_PREFIX_PATH=/home/danielnguyen/cmr/isam2-heuristic-node/install/eufs_msgs:${AMENT_PREFIX_PATH} CMAKE_PREFIX_PATH=/home/danielnguyen/cmr/isam2-heuristic-node/install/eufs_msgs:/opt/ros/foxy LD_LIBRARY_PATH=/home/danielnguyen/cmr/isam2-heuristic-node/install/eufs_msgs/lib:${LD_LIBRARY_PATH} PYTHONPATH=/home/danielnguyen/cmr/isam2-heuristic-node/install/eufs_msgs/lib/python3.8/site-packages:${PYTHONPATH} /usr/bin/cmake --build /home/danielnguyen/cmr/isam2-heuristic-node/build/isam2 -- -j8 -l8
[22.484s] Invoking command in '/home/danielnguyen/cmr/isam2-heuristic-node/build/isam2': AMENT_PREFIX_PATH=/home/danielnguyen/cmr/isam2-heuristic-node/install/eufs_msgs:${AMENT_PREFIX_PATH} CMAKE_PREFIX_PATH=/home/danielnguyen/cmr/isam2-heuristic-node/install/eufs_msgs:/opt/ros/foxy LD_LIBRARY_PATH=/home/danielnguyen/cmr/isam2-heuristic-node/install/eufs_msgs/lib:${LD_LIBRARY_PATH} PYTHONPATH=/home/danielnguyen/cmr/isam2-heuristic-node/install/eufs_msgs/lib/python3.8/site-packages:${PYTHONPATH} /usr/bin/cmake --install /home/danielnguyen/cmr/isam2-heuristic-node/build/isam2
[22.494s] -- Install configuration: ""
[22.494s] -- Installing: /home/danielnguyen/cmr/isam2-heuristic-node/install/isam2/lib/isam2/isam_test
[22.501s] -- Set runtime path of "/home/danielnguyen/cmr/isam2-heuristic-node/install/isam2/lib/isam2/isam_test" to ""
[22.501s] -- Installing: /home/danielnguyen/cmr/isam2-heuristic-node/install/isam2/share/ament_index/resource_index/package_run_dependencies/isam2
[22.501s] -- Installing: /home/danielnguyen/cmr/isam2-heuristic-node/install/isam2/share/ament_index/resource_index/parent_prefix_path/isam2
[22.502s] -- Installing: /home/danielnguyen/cmr/isam2-heuristic-node/install/isam2/share/isam2/environment/ament_prefix_path.sh
[22.502s] -- Installing: /home/danielnguyen/cmr/isam2-heuristic-node/install/isam2/share/isam2/environment/ament_prefix_path.dsv
[22.502s] -- Installing: /home/danielnguyen/cmr/isam2-heuristic-node/install/isam2/share/isam2/environment/path.sh
[22.502s] -- Installing: /home/danielnguyen/cmr/isam2-heuristic-node/install/isam2/share/isam2/environment/path.dsv
[22.502s] -- Installing: /home/danielnguyen/cmr/isam2-heuristic-node/install/isam2/share/isam2/local_setup.bash
[22.502s] -- Installing: /home/danielnguyen/cmr/isam2-heuristic-node/install/isam2/share/isam2/local_setup.sh
[22.502s] -- Installing: /home/danielnguyen/cmr/isam2-heuristic-node/install/isam2/share/isam2/local_setup.zsh
[22.502s] -- Installing: /home/danielnguyen/cmr/isam2-heuristic-node/install/isam2/share/isam2/local_setup.dsv
[22.503s] -- Installing: /home/danielnguyen/cmr/isam2-heuristic-node/install/isam2/share/isam2/package.dsv
[22.503s] -- Installing: /home/danielnguyen/cmr/isam2-heuristic-node/install/isam2/share/ament_index/resource_index/packages/isam2
[22.503s] -- Installing: /home/danielnguyen/cmr/isam2-heuristic-node/install/isam2/share/isam2/cmake/ament_cmake_export_include_directories-extras.cmake
[22.503s] -- Installing: /home/danielnguyen/cmr/isam2-heuristic-node/install/isam2/share/isam2/cmake/isam2Config.cmake
[22.503s] -- Installing: /home/danielnguyen/cmr/isam2-heuristic-node/install/isam2/share/isam2/cmake/isam2Config-version.cmake
[22.503s] -- Installing: /home/danielnguyen/cmr/isam2-heuristic-node/install/isam2/share/isam2/package.xml
[22.506s] Invoked command in '/home/danielnguyen/cmr/isam2-heuristic-node/build/isam2' returned '0': AMENT_PREFIX_PATH=/home/danielnguyen/cmr/isam2-heuristic-node/install/eufs_msgs:${AMENT_PREFIX_PATH} CMAKE_PREFIX_PATH=/home/danielnguyen/cmr/isam2-heuristic-node/install/eufs_msgs:/opt/ros/foxy LD_LIBRARY_PATH=/home/danielnguyen/cmr/isam2-heuristic-node/install/eufs_msgs/lib:${LD_LIBRARY_PATH} PYTHONPATH=/home/danielnguyen/cmr/isam2-heuristic-node/install/eufs_msgs/lib/python3.8/site-packages:${PYTHONPATH} /usr/bin/cmake --install /home/danielnguyen/cmr/isam2-heuristic-node/build/isam2
