[3.024s] DEBUG:colcon:Command line arguments: ['/usr/bin/colcon', 'build']
[3.024s] DEBUG:colcon:Parsed command line arguments: Namespace(allow_overriding=[], ament_cmake_args=None, base_paths=['.'], build_base='build', catkin_cmake_args=None, catkin_skip_building_tests=False, cmake_args=None, cmake_clean_cache=False, cmake_clean_first=False, cmake_force_configure=False, cmake_target=None, cmake_target_skip_unavailable=False, continue_on_error=False, event_handlers=None, executor='parallel', ignore_user_meta=False, install_base='install', log_base=None, log_level=None, main=<bound method BuildVerb.main of <colcon_core.verb.build.BuildVerb object at 0x7fc5cde23ca0>>, merge_install=False, metas=['./colcon.meta'], packages_above=None, packages_above_and_dependencies=None, packages_above_depth=None, packages_end=None, packages_ignore=None, packages_ignore_regex=None, packages_select=None, packages_select_build_failed=False, packages_select_by_dep=None, packages_select_regex=None, packages_select_test_failures=False, packages_skip=None, packages_skip_build_finished=False, packages_skip_by_dep=None, packages_skip_regex=None, packages_skip_test_passed=False, packages_skip_up_to=None, packages_start=None, packages_up_to=None, packages_up_to_regex=None, parallel_workers=8, paths=None, symlink_install=False, test_result_base=None, verb_extension=<colcon_core.verb.build.BuildVerb object at 0x7fc5cde23ca0>, verb_name='build', verb_parser=<colcon_defaults.argument_parser.defaults.DefaultArgumentsDecorator object at 0x7fc5cda24dc0>)
[3.154s] Level 1:colcon.colcon_core.package_discovery:discover_packages(colcon_meta) check parameters
[3.154s] Level 1:colcon.colcon_core.package_discovery:discover_packages(recursive) check parameters
[3.154s] Level 1:colcon.colcon_core.package_discovery:discover_packages(ignore) check parameters
[3.154s] Level 1:colcon.colcon_core.package_discovery:discover_packages(path) check parameters
[3.154s] Level 1:colcon.colcon_core.package_discovery:discover_packages(colcon_meta) discover
[3.154s] Level 1:colcon.colcon_core.package_discovery:discover_packages(recursive) discover
[3.154s] INFO:colcon.colcon_core.package_discovery:Crawling recursively for packages in '/home/danielnguyen/cmr/isam2-heuristic-node'
[3.154s] Level 1:colcon.colcon_core.package_identification:_identify(.) by extensions ['ignore', 'ignore_ament_install']
[3.154s] Level 1:colcon.colcon_core.package_identification:_identify(.) by extension 'ignore'
[3.154s] Level 1:colcon.colcon_core.package_identification:_identify(.) by extension 'ignore_ament_install'
[3.154s] Level 1:colcon.colcon_core.package_identification:_identify(.) by extensions ['colcon_pkg']
[3.154s] Level 1:colcon.colcon_core.package_identification:_identify(.) by extension 'colcon_pkg'
[3.155s] Level 1:colcon.colcon_core.package_identification:_identify(.) by extensions ['colcon_meta']
[3.155s] Level 1:colcon.colcon_core.package_identification:_identify(.) by extension 'colcon_meta'
[3.155s] Level 1:colcon.colcon_core.package_identification:_identify(.) by extensions ['ros']
[3.155s] Level 1:colcon.colcon_core.package_identification:_identify(.) by extension 'ros'
[3.174s] Level 1:colcon.colcon_core.package_identification:_identify(.) by extensions ['cmake', 'python']
[3.174s] Level 1:colcon.colcon_core.package_identification:_identify(.) by extension 'cmake'
[3.174s] Level 1:colcon.colcon_core.package_identification:_identify(.) by extension 'python'
[3.174s] Level 1:colcon.colcon_core.package_identification:_identify(.) by extensions ['python_setup_py']
[3.174s] Level 1:colcon.colcon_core.package_identification:_identify(.) by extension 'python_setup_py'
[3.174s] Level 1:colcon.colcon_core.package_identification:_identify(build) by extensions ['ignore', 'ignore_ament_install']
[3.174s] Level 1:colcon.colcon_core.package_identification:_identify(build) by extension 'ignore'
[3.174s] Level 1:colcon.colcon_core.package_identification:_identify(build) ignored
[3.174s] Level 1:colcon.colcon_core.package_identification:_identify(eufs) by extensions ['ignore', 'ignore_ament_install']
[3.174s] Level 1:colcon.colcon_core.package_identification:_identify(eufs) by extension 'ignore'
[3.175s] Level 1:colcon.colcon_core.package_identification:_identify(eufs) by extension 'ignore_ament_install'
[3.175s] Level 1:colcon.colcon_core.package_identification:_identify(eufs) by extensions ['colcon_pkg']
[3.175s] Level 1:colcon.colcon_core.package_identification:_identify(eufs) by extension 'colcon_pkg'
[3.175s] Level 1:colcon.colcon_core.package_identification:_identify(eufs) by extensions ['colcon_meta']
[3.175s] Level 1:colcon.colcon_core.package_identification:_identify(eufs) by extension 'colcon_meta'
[3.175s] Level 1:colcon.colcon_core.package_identification:_identify(eufs) by extensions ['ros']
[3.175s] Level 1:colcon.colcon_core.package_identification:_identify(eufs) by extension 'ros'
[3.175s] Level 1:colcon.colcon_core.package_identification:_identify(eufs) by extensions ['cmake', 'python']
[3.175s] Level 1:colcon.colcon_core.package_identification:_identify(eufs) by extension 'cmake'
[3.175s] Level 1:colcon.colcon_core.package_identification:_identify(eufs) by extension 'python'
[3.175s] Level 1:colcon.colcon_core.package_identification:_identify(eufs) by extensions ['python_setup_py']
[3.175s] Level 1:colcon.colcon_core.package_identification:_identify(eufs) by extension 'python_setup_py'
[3.175s] Level 1:colcon.colcon_core.package_identification:_identify(eufs/build) by extensions ['ignore', 'ignore_ament_install']
[3.175s] Level 1:colcon.colcon_core.package_identification:_identify(eufs/build) by extension 'ignore'
[3.175s] Level 1:colcon.colcon_core.package_identification:_identify(eufs/build) ignored
[3.175s] Level 1:colcon.colcon_core.package_identification:_identify(eufs/eufs_msgs) by extensions ['ignore', 'ignore_ament_install']
[3.175s] Level 1:colcon.colcon_core.package_identification:_identify(eufs/eufs_msgs) by extension 'ignore'
[3.175s] Level 1:colcon.colcon_core.package_identification:_identify(eufs/eufs_msgs) by extension 'ignore_ament_install'
[3.175s] Level 1:colcon.colcon_core.package_identification:_identify(eufs/eufs_msgs) by extensions ['colcon_pkg']
[3.175s] Level 1:colcon.colcon_core.package_identification:_identify(eufs/eufs_msgs) by extension 'colcon_pkg'
[3.175s] Level 1:colcon.colcon_core.package_identification:_identify(eufs/eufs_msgs) by extensions ['colcon_meta']
[3.176s] Level 1:colcon.colcon_core.package_identification:_identify(eufs/eufs_msgs) by extension 'colcon_meta'
[3.176s] Level 1:colcon.colcon_core.package_identification:_identify(eufs/eufs_msgs) by extensions ['ros']
[3.176s] Level 1:colcon.colcon_core.package_identification:_identify(eufs/eufs_msgs) by extension 'ros'
[3.176s] Level 1:colcon.colcon_core.package_identification:_identify(eufs/eufs_msgs) by extensions ['cmake', 'python']
[3.176s] Level 1:colcon.colcon_core.package_identification:_identify(eufs/eufs_msgs) by extension 'cmake'
[3.176s] Level 1:colcon.colcon_core.package_identification:_identify(eufs/eufs_msgs) by extension 'python'
[3.176s] Level 1:colcon.colcon_core.package_identification:_identify(eufs/eufs_msgs) by extensions ['python_setup_py']
[3.176s] Level 1:colcon.colcon_core.package_identification:_identify(eufs/eufs_msgs) by extension 'python_setup_py'
[3.176s] Level 1:colcon.colcon_core.package_identification:_identify(eufs/eufs_msgs/eufs_msgs) by extensions ['ignore', 'ignore_ament_install']
[3.176s] Level 1:colcon.colcon_core.package_identification:_identify(eufs/eufs_msgs/eufs_msgs) by extension 'ignore'
[3.176s] Level 1:colcon.colcon_core.package_identification:_identify(eufs/eufs_msgs/eufs_msgs) by extension 'ignore_ament_install'
[3.176s] Level 1:colcon.colcon_core.package_identification:_identify(eufs/eufs_msgs/eufs_msgs) by extensions ['colcon_pkg']
[3.176s] Level 1:colcon.colcon_core.package_identification:_identify(eufs/eufs_msgs/eufs_msgs) by extension 'colcon_pkg'
[3.176s] Level 1:colcon.colcon_core.package_identification:_identify(eufs/eufs_msgs/eufs_msgs) by extensions ['colcon_meta']
[3.176s] Level 1:colcon.colcon_core.package_identification:_identify(eufs/eufs_msgs/eufs_msgs) by extension 'colcon_meta'
[3.176s] Level 1:colcon.colcon_core.package_identification:_identify(eufs/eufs_msgs/eufs_msgs) by extensions ['ros']
[3.176s] Level 1:colcon.colcon_core.package_identification:_identify(eufs/eufs_msgs/eufs_msgs) by extension 'ros'
[3.178s] DEBUG:colcon.colcon_core.package_identification:Package 'eufs/eufs_msgs/eufs_msgs' with type 'ros.ament_cmake' and name 'eufs_msgs'
[3.179s] Level 1:colcon.colcon_core.package_identification:_identify(eufs/eufs_rviz_plugins) by extensions ['ignore', 'ignore_ament_install']
[3.179s] Level 1:colcon.colcon_core.package_identification:_identify(eufs/eufs_rviz_plugins) by extension 'ignore'
[3.179s] Level 1:colcon.colcon_core.package_identification:_identify(eufs/eufs_rviz_plugins) by extension 'ignore_ament_install'
[3.179s] Level 1:colcon.colcon_core.package_identification:_identify(eufs/eufs_rviz_plugins) by extensions ['colcon_pkg']
[3.179s] Level 1:colcon.colcon_core.package_identification:_identify(eufs/eufs_rviz_plugins) by extension 'colcon_pkg'
[3.179s] Level 1:colcon.colcon_core.package_identification:_identify(eufs/eufs_rviz_plugins) by extensions ['colcon_meta']
[3.179s] Level 1:colcon.colcon_core.package_identification:_identify(eufs/eufs_rviz_plugins) by extension 'colcon_meta'
[3.179s] Level 1:colcon.colcon_core.package_identification:_identify(eufs/eufs_rviz_plugins) by extensions ['ros']
[3.179s] Level 1:colcon.colcon_core.package_identification:_identify(eufs/eufs_rviz_plugins) by extension 'ros'
[3.179s] Level 1:colcon.colcon_core.package_identification:_identify(eufs/eufs_rviz_plugins) by extensions ['cmake', 'python']
[3.179s] Level 1:colcon.colcon_core.package_identification:_identify(eufs/eufs_rviz_plugins) by extension 'cmake'
[3.179s] Level 1:colcon.colcon_core.package_identification:_identify(eufs/eufs_rviz_plugins) by extension 'python'
[3.179s] Level 1:colcon.colcon_core.package_identification:_identify(eufs/eufs_rviz_plugins) by extensions ['python_setup_py']
[3.179s] Level 1:colcon.colcon_core.package_identification:_identify(eufs/eufs_rviz_plugins) by extension 'python_setup_py'
[3.179s] Level 1:colcon.colcon_core.package_identification:_identify(eufs/eufs_sim) by extensions ['ignore', 'ignore_ament_install']
[3.179s] Level 1:colcon.colcon_core.package_identification:_identify(eufs/eufs_sim) by extension 'ignore'
[3.179s] Level 1:colcon.colcon_core.package_identification:_identify(eufs/eufs_sim) by extension 'ignore_ament_install'
[3.179s] Level 1:colcon.colcon_core.package_identification:_identify(eufs/eufs_sim) by extensions ['colcon_pkg']
[3.179s] Level 1:colcon.colcon_core.package_identification:_identify(eufs/eufs_sim) by extension 'colcon_pkg'
[3.179s] Level 1:colcon.colcon_core.package_identification:_identify(eufs/eufs_sim) by extensions ['colcon_meta']
[3.179s] Level 1:colcon.colcon_core.package_identification:_identify(eufs/eufs_sim) by extension 'colcon_meta'
[3.180s] Level 1:colcon.colcon_core.package_identification:_identify(eufs/eufs_sim) by extensions ['ros']
[3.180s] Level 1:colcon.colcon_core.package_identification:_identify(eufs/eufs_sim) by extension 'ros'
[3.180s] Level 1:colcon.colcon_core.package_identification:_identify(eufs/eufs_sim) by extensions ['cmake', 'python']
[3.180s] Level 1:colcon.colcon_core.package_identification:_identify(eufs/eufs_sim) by extension 'cmake'
[3.180s] Level 1:colcon.colcon_core.package_identification:_identify(eufs/eufs_sim) by extension 'python'
[3.180s] Level 1:colcon.colcon_core.package_identification:_identify(eufs/eufs_sim) by extensions ['python_setup_py']
[3.180s] Level 1:colcon.colcon_core.package_identification:_identify(eufs/eufs_sim) by extension 'python_setup_py'
[3.180s] Level 1:colcon.colcon_core.package_identification:_identify(eufs/install) by extensions ['ignore', 'ignore_ament_install']
[3.180s] Level 1:colcon.colcon_core.package_identification:_identify(eufs/install) by extension 'ignore'
[3.180s] Level 1:colcon.colcon_core.package_identification:_identify(eufs/install) ignored
[3.180s] Level 1:colcon.colcon_core.package_identification:_identify(eufs/log) by extensions ['ignore', 'ignore_ament_install']
[3.180s] Level 1:colcon.colcon_core.package_identification:_identify(eufs/log) by extension 'ignore'
[3.180s] Level 1:colcon.colcon_core.package_identification:_identify(eufs/log) ignored
[3.180s] Level 1:colcon.colcon_core.package_identification:_identify(install) by extensions ['ignore', 'ignore_ament_install']
[3.180s] Level 1:colcon.colcon_core.package_identification:_identify(install) by extension 'ignore'
[3.181s] Level 1:colcon.colcon_core.package_identification:_identify(install) ignored
[3.181s] Level 1:colcon.colcon_core.package_identification:_identify(log) by extensions ['ignore', 'ignore_ament_install']
[3.181s] Level 1:colcon.colcon_core.package_identification:_identify(log) by extension 'ignore'
[3.181s] Level 1:colcon.colcon_core.package_identification:_identify(log) ignored
[3.181s] Level 1:colcon.colcon_core.package_identification:_identify(workspace) by extensions ['ignore', 'ignore_ament_install']
[3.181s] Level 1:colcon.colcon_core.package_identification:_identify(workspace) by extension 'ignore'
[3.181s] Level 1:colcon.colcon_core.package_identification:_identify(workspace) by extension 'ignore_ament_install'
[3.181s] Level 1:colcon.colcon_core.package_identification:_identify(workspace) by extensions ['colcon_pkg']
[3.181s] Level 1:colcon.colcon_core.package_identification:_identify(workspace) by extension 'colcon_pkg'
[3.181s] Level 1:colcon.colcon_core.package_identification:_identify(workspace) by extensions ['colcon_meta']
[3.181s] Level 1:colcon.colcon_core.package_identification:_identify(workspace) by extension 'colcon_meta'
[3.181s] Level 1:colcon.colcon_core.package_identification:_identify(workspace) by extensions ['ros']
[3.181s] Level 1:colcon.colcon_core.package_identification:_identify(workspace) by extension 'ros'
[3.181s] Level 1:colcon.colcon_core.package_identification:_identify(workspace) by extensions ['cmake', 'python']
[3.181s] Level 1:colcon.colcon_core.package_identification:_identify(workspace) by extension 'cmake'
[3.181s] Level 1:colcon.colcon_core.package_identification:_identify(workspace) by extension 'python'
[3.181s] Level 1:colcon.colcon_core.package_identification:_identify(workspace) by extensions ['python_setup_py']
[3.181s] Level 1:colcon.colcon_core.package_identification:_identify(workspace) by extension 'python_setup_py'
[3.181s] Level 1:colcon.colcon_core.package_identification:_identify(workspace/build) by extensions ['ignore', 'ignore_ament_install']
[3.181s] Level 1:colcon.colcon_core.package_identification:_identify(workspace/build) by extension 'ignore'
[3.182s] Level 1:colcon.colcon_core.package_identification:_identify(workspace/build) ignored
[3.182s] Level 1:colcon.colcon_core.package_identification:_identify(workspace/install) by extensions ['ignore', 'ignore_ament_install']
[3.182s] Level 1:colcon.colcon_core.package_identification:_identify(workspace/install) by extension 'ignore'
[3.182s] Level 1:colcon.colcon_core.package_identification:_identify(workspace/install) ignored
[3.182s] Level 1:colcon.colcon_core.package_identification:_identify(workspace/log) by extensions ['ignore', 'ignore_ament_install']
[3.182s] Level 1:colcon.colcon_core.package_identification:_identify(workspace/log) by extension 'ignore'
[3.182s] Level 1:colcon.colcon_core.package_identification:_identify(workspace/log) ignored
[3.182s] Level 1:colcon.colcon_core.package_identification:_identify(workspace/src) by extensions ['ignore', 'ignore_ament_install']
[3.182s] Level 1:colcon.colcon_core.package_identification:_identify(workspace/src) by extension 'ignore'
[3.182s] Level 1:colcon.colcon_core.package_identification:_identify(workspace/src) by extension 'ignore_ament_install'
[3.182s] Level 1:colcon.colcon_core.package_identification:_identify(workspace/src) by extensions ['colcon_pkg']
[3.182s] Level 1:colcon.colcon_core.package_identification:_identify(workspace/src) by extension 'colcon_pkg'
[3.182s] Level 1:colcon.colcon_core.package_identification:_identify(workspace/src) by extensions ['colcon_meta']
[3.182s] Level 1:colcon.colcon_core.package_identification:_identify(workspace/src) by extension 'colcon_meta'
[3.182s] Level 1:colcon.colcon_core.package_identification:_identify(workspace/src) by extensions ['ros']
[3.182s] Level 1:colcon.colcon_core.package_identification:_identify(workspace/src) by extension 'ros'
[3.182s] Level 1:colcon.colcon_core.package_identification:_identify(workspace/src) by extensions ['cmake', 'python']
[3.182s] Level 1:colcon.colcon_core.package_identification:_identify(workspace/src) by extension 'cmake'
[3.182s] Level 1:colcon.colcon_core.package_identification:_identify(workspace/src) by extension 'python'
[3.183s] Level 1:colcon.colcon_core.package_identification:_identify(workspace/src) by extensions ['python_setup_py']
[3.183s] Level 1:colcon.colcon_core.package_identification:_identify(workspace/src) by extension 'python_setup_py'
[3.183s] Level 1:colcon.colcon_core.package_identification:_identify(workspace/src/eufs_msgs) by extensions ['ignore', 'ignore_ament_install']
[3.183s] Level 1:colcon.colcon_core.package_identification:_identify(workspace/src/eufs_msgs) by extension 'ignore'
[3.183s] Level 1:colcon.colcon_core.package_identification:_identify(workspace/src/eufs_msgs) by extension 'ignore_ament_install'
[3.183s] Level 1:colcon.colcon_core.package_identification:_identify(workspace/src/eufs_msgs) by extensions ['colcon_pkg']
[3.183s] Level 1:colcon.colcon_core.package_identification:_identify(workspace/src/eufs_msgs) by extension 'colcon_pkg'
[3.183s] Level 1:colcon.colcon_core.package_identification:_identify(workspace/src/eufs_msgs) by extensions ['colcon_meta']
[3.183s] Level 1:colcon.colcon_core.package_identification:_identify(workspace/src/eufs_msgs) by extension 'colcon_meta'
[3.183s] Level 1:colcon.colcon_core.package_identification:_identify(workspace/src/eufs_msgs) by extensions ['ros']
[3.183s] Level 1:colcon.colcon_core.package_identification:_identify(workspace/src/eufs_msgs) by extension 'ros'
[3.183s] Level 1:colcon.colcon_core.package_identification:_identify(workspace/src/eufs_msgs) by extensions ['cmake', 'python']
[3.183s] Level 1:colcon.colcon_core.package_identification:_identify(workspace/src/eufs_msgs) by extension 'cmake'
[3.183s] Level 1:colcon.colcon_core.package_identification:_identify(workspace/src/eufs_msgs) by extension 'python'
[3.183s] Level 1:colcon.colcon_core.package_identification:_identify(workspace/src/eufs_msgs) by extensions ['python_setup_py']
[3.183s] Level 1:colcon.colcon_core.package_identification:_identify(workspace/src/eufs_msgs) by extension 'python_setup_py'
[3.183s] Level 1:colcon.colcon_core.package_identification:_identify(workspace/src/isam2) by extensions ['ignore', 'ignore_ament_install']
[3.183s] Level 1:colcon.colcon_core.package_identification:_identify(workspace/src/isam2) by extension 'ignore'
[3.183s] Level 1:colcon.colcon_core.package_identification:_identify(workspace/src/isam2) by extension 'ignore_ament_install'
[3.184s] Level 1:colcon.colcon_core.package_identification:_identify(workspace/src/isam2) by extensions ['colcon_pkg']
[3.184s] Level 1:colcon.colcon_core.package_identification:_identify(workspace/src/isam2) by extension 'colcon_pkg'
[3.184s] Level 1:colcon.colcon_core.package_identification:_identify(workspace/src/isam2) by extensions ['colcon_meta']
[3.184s] Level 1:colcon.colcon_core.package_identification:_identify(workspace/src/isam2) by extension 'colcon_meta'
[3.184s] Level 1:colcon.colcon_core.package_identification:_identify(workspace/src/isam2) by extensions ['ros']
[3.184s] Level 1:colcon.colcon_core.package_identification:_identify(workspace/src/isam2) by extension 'ros'
[3.184s] DEBUG:colcon.colcon_core.package_identification:Package 'workspace/src/isam2' with type 'ros.ament_cmake' and name 'isam2'
[3.185s] Level 1:colcon.colcon_core.package_discovery:discover_packages(recursive) using defaults
[3.185s] Level 1:colcon.colcon_core.package_discovery:discover_packages(ignore) discover
[3.185s] Level 1:colcon.colcon_core.package_discovery:discover_packages(ignore) using defaults
[3.185s] Level 1:colcon.colcon_core.package_discovery:discover_packages(path) discover
[3.185s] Level 1:colcon.colcon_core.package_discovery:discover_packages(path) using defaults
[3.462s] Level 1:colcon.colcon_core.package_discovery:discover_packages(prefix_path) check parameters
[3.462s] Level 1:colcon.colcon_core.package_discovery:discover_packages(prefix_path) discover
[3.584s] DEBUG:colcon.colcon_installed_package_information.package_discovery:Found 257 installed packages in /opt/ros/foxy
[3.585s] Level 1:colcon.colcon_core.package_discovery:discover_packages(prefix_path) using defaults
[3.751s] Level 5:colcon.colcon_core.verb:set package 'eufs_msgs' build argument 'cmake_args' from command line to 'None'
[3.752s] Level 5:colcon.colcon_core.verb:set package 'eufs_msgs' build argument 'cmake_target' from command line to 'None'
[3.752s] Level 5:colcon.colcon_core.verb:set package 'eufs_msgs' build argument 'cmake_target_skip_unavailable' from command line to 'False'
[3.752s] Level 5:colcon.colcon_core.verb:set package 'eufs_msgs' build argument 'cmake_clean_cache' from command line to 'False'
[3.752s] Level 5:colcon.colcon_core.verb:set package 'eufs_msgs' build argument 'cmake_clean_first' from command line to 'False'
[3.752s] Level 5:colcon.colcon_core.verb:set package 'eufs_msgs' build argument 'cmake_force_configure' from command line to 'False'
[3.752s] Level 5:colcon.colcon_core.verb:set package 'eufs_msgs' build argument 'ament_cmake_args' from command line to 'None'
[3.752s] Level 5:colcon.colcon_core.verb:set package 'eufs_msgs' build argument 'catkin_cmake_args' from command line to 'None'
[3.752s] Level 5:colcon.colcon_core.verb:set package 'eufs_msgs' build argument 'catkin_skip_building_tests' from command line to 'False'
[3.752s] DEBUG:colcon.colcon_core.verb:Building package 'eufs_msgs' with the following arguments: {'ament_cmake_args': None, 'build_base': '/home/danielnguyen/cmr/isam2-heuristic-node/build/eufs_msgs', 'catkin_cmake_args': None, 'catkin_skip_building_tests': False, 'cmake_args': None, 'cmake_clean_cache': False, 'cmake_clean_first': False, 'cmake_force_configure': False, 'cmake_target': None, 'cmake_target_skip_unavailable': False, 'install_base': '/home/danielnguyen/cmr/isam2-heuristic-node/install/eufs_msgs', 'merge_install': False, 'path': '/home/danielnguyen/cmr/isam2-heuristic-node/eufs/eufs_msgs/eufs_msgs', 'symlink_install': False, 'test_result_base': None}
[3.803s] Level 5:colcon.colcon_core.verb:set package 'isam2' build argument 'cmake_args' from command line to 'None'
[3.803s] Level 5:colcon.colcon_core.verb:set package 'isam2' build argument 'cmake_target' from command line to 'None'
[3.803s] Level 5:colcon.colcon_core.verb:set package 'isam2' build argument 'cmake_target_skip_unavailable' from command line to 'False'
[3.803s] Level 5:colcon.colcon_core.verb:set package 'isam2' build argument 'cmake_clean_cache' from command line to 'False'
[3.803s] Level 5:colcon.colcon_core.verb:set package 'isam2' build argument 'cmake_clean_first' from command line to 'False'
[3.803s] Level 5:colcon.colcon_core.verb:set package 'isam2' build argument 'cmake_force_configure' from command line to 'False'
[3.803s] Level 5:colcon.colcon_core.verb:set package 'isam2' build argument 'ament_cmake_args' from command line to 'None'
[3.803s] Level 5:colcon.colcon_core.verb:set package 'isam2' build argument 'catkin_cmake_args' from command line to 'None'
[3.803s] Level 5:colcon.colcon_core.verb:set package 'isam2' build argument 'catkin_skip_building_tests' from command line to 'False'
[3.803s] DEBUG:colcon.colcon_core.verb:Building package 'isam2' with the following arguments: {'ament_cmake_args': None, 'build_base': '/home/danielnguyen/cmr/isam2-heuristic-node/build/isam2', 'catkin_cmake_args': None, 'catkin_skip_building_tests': False, 'cmake_args': None, 'cmake_clean_cache': False, 'cmake_clean_first': False, 'cmake_force_configure': False, 'cmake_target': None, 'cmake_target_skip_unavailable': False, 'install_base': '/home/danielnguyen/cmr/isam2-heuristic-node/install/isam2', 'merge_install': False, 'path': '/home/danielnguyen/cmr/isam2-heuristic-node/workspace/src/isam2', 'symlink_install': False, 'test_result_base': None}
[3.854s] INFO:colcon.colcon_core.executor:Executing jobs using 'parallel' executor
[3.905s] DEBUG:colcon.colcon_parallel_executor.executor.parallel:run_until_complete
[3.905s] INFO:colcon.colcon_ros.task.ament_cmake.build:Building ROS package in '/home/danielnguyen/cmr/isam2-heuristic-node/eufs/eufs_msgs/eufs_msgs' with build type 'ament_cmake'
[3.905s] INFO:colcon.colcon_cmake.task.cmake.build:Building CMake package in '/home/danielnguyen/cmr/isam2-heuristic-node/eufs/eufs_msgs/eufs_msgs'
[3.968s] INFO:colcon.colcon_core.plugin_system:Skipping extension 'colcon_core.shell.bat': Not used on non-Windows systems
[3.968s] INFO:colcon.colcon_core.shell:Skip shell extension 'powershell' for command environment: Not usable outside of PowerShell
[3.968s] DEBUG:colcon.colcon_core.shell:Skip shell extension 'dsv' for command environment
[4.091s] DEBUG:colcon.colcon_core.event_handler.log_command:Invoking command in '/home/danielnguyen/cmr/isam2-heuristic-node/build/eufs_msgs': CMAKE_PREFIX_PATH=/opt/ros/foxy /usr/bin/cmake /home/danielnguyen/cmr/isam2-heuristic-node/eufs/eufs_msgs/eufs_msgs -DCMAKE_INSTALL_PREFIX=/home/danielnguyen/cmr/isam2-heuristic-node/install/eufs_msgs
[6.791s] DEBUG:colcon.colcon_core.event_handler.log_command:Invoked command in '/home/danielnguyen/cmr/isam2-heuristic-node/build/eufs_msgs' returned '0': CMAKE_PREFIX_PATH=/opt/ros/foxy /usr/bin/cmake /home/danielnguyen/cmr/isam2-heuristic-node/eufs/eufs_msgs/eufs_msgs -DCMAKE_INSTALL_PREFIX=/home/danielnguyen/cmr/isam2-heuristic-node/install/eufs_msgs
[6.794s] DEBUG:colcon.colcon_core.event_handler.log_command:Invoking command in '/home/danielnguyen/cmr/isam2-heuristic-node/build/eufs_msgs': CMAKE_PREFIX_PATH=/opt/ros/foxy /usr/bin/cmake --build /home/danielnguyen/cmr/isam2-heuristic-node/build/eufs_msgs -- -j8 -l8
[53.663s] DEBUG:colcon.colcon_core.event_handler.log_command:Invoked command in '/home/danielnguyen/cmr/isam2-heuristic-node/build/eufs_msgs' returned '0': CMAKE_PREFIX_PATH=/opt/ros/foxy /usr/bin/cmake --build /home/danielnguyen/cmr/isam2-heuristic-node/build/eufs_msgs -- -j8 -l8
[54.737s] DEBUG:colcon.colcon_core.event_handler.log_command:Invoking command in '/home/danielnguyen/cmr/isam2-heuristic-node/build/eufs_msgs': CMAKE_PREFIX_PATH=/opt/ros/foxy /usr/bin/cmake --install /home/danielnguyen/cmr/isam2-heuristic-node/build/eufs_msgs
[54.987s] Level 1:colcon.colcon_core.environment:create_environment_scripts_only(eufs_msgs)
[54.987s] DEBUG:colcon.colcon_core.event_handler.log_command:Invoked command in '/home/danielnguyen/cmr/isam2-heuristic-node/build/eufs_msgs' returned '0': CMAKE_PREFIX_PATH=/opt/ros/foxy /usr/bin/cmake --install /home/danielnguyen/cmr/isam2-heuristic-node/build/eufs_msgs
[55.044s] Level 1:colcon.colcon_core.environment:checking '/home/danielnguyen/cmr/isam2-heuristic-node/install/eufs_msgs' for CMake module files
[55.044s] Level 1:colcon.colcon_core.environment:checking '/home/danielnguyen/cmr/isam2-heuristic-node/install/eufs_msgs' for CMake config files
[55.044s] Level 1:colcon.colcon_core.shell:create_environment_hook('eufs_msgs', 'cmake_prefix_path')
[55.101s] INFO:colcon.colcon_core.shell:Creating environment hook '/home/danielnguyen/cmr/isam2-heuristic-node/install/eufs_msgs/share/eufs_msgs/hook/cmake_prefix_path.ps1'
[55.102s] INFO:colcon.colcon_core.shell:Creating environment descriptor '/home/danielnguyen/cmr/isam2-heuristic-node/install/eufs_msgs/share/eufs_msgs/hook/cmake_prefix_path.dsv'
[55.102s] INFO:colcon.colcon_core.shell:Creating environment hook '/home/danielnguyen/cmr/isam2-heuristic-node/install/eufs_msgs/share/eufs_msgs/hook/cmake_prefix_path.sh'
[55.103s] Level 1:colcon.colcon_core.environment:checking '/home/danielnguyen/cmr/isam2-heuristic-node/install/eufs_msgs/lib'
[55.103s] Level 1:colcon.colcon_core.shell:create_environment_hook('eufs_msgs', 'ld_library_path_lib')
[55.183s] INFO:colcon.colcon_core.shell:Creating environment hook '/home/danielnguyen/cmr/isam2-heuristic-node/install/eufs_msgs/share/eufs_msgs/hook/ld_library_path_lib.ps1'
[55.183s] INFO:colcon.colcon_core.shell:Creating environment descriptor '/home/danielnguyen/cmr/isam2-heuristic-node/install/eufs_msgs/share/eufs_msgs/hook/ld_library_path_lib.dsv'
[55.184s] INFO:colcon.colcon_core.shell:Creating environment hook '/home/danielnguyen/cmr/isam2-heuristic-node/install/eufs_msgs/share/eufs_msgs/hook/ld_library_path_lib.sh'
[55.184s] Level 1:colcon.colcon_core.environment:checking '/home/danielnguyen/cmr/isam2-heuristic-node/install/eufs_msgs/bin'
[55.184s] Level 1:colcon.colcon_core.environment:checking '/home/danielnguyen/cmr/isam2-heuristic-node/install/eufs_msgs/lib/pkgconfig/eufs_msgs.pc'
[55.184s] Level 1:colcon.colcon_core.environment:checking '/home/danielnguyen/cmr/isam2-heuristic-node/install/eufs_msgs/lib/python3.8/site-packages'
[55.185s] Level 1:colcon.colcon_core.shell:create_environment_hook('eufs_msgs', 'pythonpath')
[55.239s] INFO:colcon.colcon_core.shell:Creating environment hook '/home/danielnguyen/cmr/isam2-heuristic-node/install/eufs_msgs/share/eufs_msgs/hook/pythonpath.ps1'
[55.239s] INFO:colcon.colcon_core.shell:Creating environment descriptor '/home/danielnguyen/cmr/isam2-heuristic-node/install/eufs_msgs/share/eufs_msgs/hook/pythonpath.dsv'
[55.240s] INFO:colcon.colcon_core.shell:Creating environment hook '/home/danielnguyen/cmr/isam2-heuristic-node/install/eufs_msgs/share/eufs_msgs/hook/pythonpath.sh'
[55.240s] Level 1:colcon.colcon_core.environment:checking '/home/danielnguyen/cmr/isam2-heuristic-node/install/eufs_msgs/bin'
[55.298s] INFO:colcon.colcon_core.shell:Creating package script '/home/danielnguyen/cmr/isam2-heuristic-node/install/eufs_msgs/share/eufs_msgs/package.ps1'
[55.298s] INFO:colcon.colcon_core.shell:Creating package descriptor '/home/danielnguyen/cmr/isam2-heuristic-node/install/eufs_msgs/share/eufs_msgs/package.dsv'
[55.299s] INFO:colcon.colcon_core.shell:Creating package script '/home/danielnguyen/cmr/isam2-heuristic-node/install/eufs_msgs/share/eufs_msgs/package.sh'
[55.300s] INFO:colcon.colcon_core.shell:Creating package script '/home/danielnguyen/cmr/isam2-heuristic-node/install/eufs_msgs/share/eufs_msgs/package.bash'
[55.300s] INFO:colcon.colcon_core.shell:Creating package script '/home/danielnguyen/cmr/isam2-heuristic-node/install/eufs_msgs/share/eufs_msgs/package.zsh'
[55.301s] Level 1:colcon.colcon_core.environment:create_file_with_runtime_dependencies(/home/danielnguyen/cmr/isam2-heuristic-node/install/eufs_msgs/share/colcon-core/packages/eufs_msgs)
[56.446s] Level 1:colcon.colcon_core.environment:create_environment_scripts_only(eufs_msgs)
[56.501s] Level 1:colcon.colcon_core.environment:checking '/home/danielnguyen/cmr/isam2-heuristic-node/install/eufs_msgs' for CMake module files
[56.502s] Level 1:colcon.colcon_core.environment:checking '/home/danielnguyen/cmr/isam2-heuristic-node/install/eufs_msgs' for CMake config files
[56.502s] Level 1:colcon.colcon_core.shell:create_environment_hook('eufs_msgs', 'cmake_prefix_path')
[56.559s] INFO:colcon.colcon_core.shell:Creating environment hook '/home/danielnguyen/cmr/isam2-heuristic-node/install/eufs_msgs/share/eufs_msgs/hook/cmake_prefix_path.ps1'
[56.560s] INFO:colcon.colcon_core.shell:Creating environment descriptor '/home/danielnguyen/cmr/isam2-heuristic-node/install/eufs_msgs/share/eufs_msgs/hook/cmake_prefix_path.dsv'
[56.560s] INFO:colcon.colcon_core.shell:Creating environment hook '/home/danielnguyen/cmr/isam2-heuristic-node/install/eufs_msgs/share/eufs_msgs/hook/cmake_prefix_path.sh'
[56.561s] Level 1:colcon.colcon_core.environment:checking '/home/danielnguyen/cmr/isam2-heuristic-node/install/eufs_msgs/lib'
[56.561s] Level 1:colcon.colcon_core.shell:create_environment_hook('eufs_msgs', 'ld_library_path_lib')
[56.619s] INFO:colcon.colcon_core.shell:Creating environment hook '/home/danielnguyen/cmr/isam2-heuristic-node/install/eufs_msgs/share/eufs_msgs/hook/ld_library_path_lib.ps1'
[56.620s] INFO:colcon.colcon_core.shell:Creating environment descriptor '/home/danielnguyen/cmr/isam2-heuristic-node/install/eufs_msgs/share/eufs_msgs/hook/ld_library_path_lib.dsv'
[56.620s] INFO:colcon.colcon_core.shell:Creating environment hook '/home/danielnguyen/cmr/isam2-heuristic-node/install/eufs_msgs/share/eufs_msgs/hook/ld_library_path_lib.sh'
[56.620s] Level 1:colcon.colcon_core.environment:checking '/home/danielnguyen/cmr/isam2-heuristic-node/install/eufs_msgs/bin'
[56.620s] Level 1:colcon.colcon_core.environment:checking '/home/danielnguyen/cmr/isam2-heuristic-node/install/eufs_msgs/lib/pkgconfig/eufs_msgs.pc'
[56.621s] Level 1:colcon.colcon_core.environment:checking '/home/danielnguyen/cmr/isam2-heuristic-node/install/eufs_msgs/lib/python3.8/site-packages'
[56.621s] Level 1:colcon.colcon_core.shell:create_environment_hook('eufs_msgs', 'pythonpath')
[56.679s] INFO:colcon.colcon_core.shell:Creating environment hook '/home/danielnguyen/cmr/isam2-heuristic-node/install/eufs_msgs/share/eufs_msgs/hook/pythonpath.ps1'
[56.679s] INFO:colcon.colcon_core.shell:Creating environment descriptor '/home/danielnguyen/cmr/isam2-heuristic-node/install/eufs_msgs/share/eufs_msgs/hook/pythonpath.dsv'
[56.680s] INFO:colcon.colcon_core.shell:Creating environment hook '/home/danielnguyen/cmr/isam2-heuristic-node/install/eufs_msgs/share/eufs_msgs/hook/pythonpath.sh'
[56.680s] Level 1:colcon.colcon_core.environment:checking '/home/danielnguyen/cmr/isam2-heuristic-node/install/eufs_msgs/bin'
[56.739s] INFO:colcon.colcon_core.shell:Creating package script '/home/danielnguyen/cmr/isam2-heuristic-node/install/eufs_msgs/share/eufs_msgs/package.ps1'
[56.740s] INFO:colcon.colcon_core.shell:Creating package descriptor '/home/danielnguyen/cmr/isam2-heuristic-node/install/eufs_msgs/share/eufs_msgs/package.dsv'
[56.740s] INFO:colcon.colcon_core.shell:Creating package script '/home/danielnguyen/cmr/isam2-heuristic-node/install/eufs_msgs/share/eufs_msgs/package.sh'
[56.741s] INFO:colcon.colcon_core.shell:Creating package script '/home/danielnguyen/cmr/isam2-heuristic-node/install/eufs_msgs/share/eufs_msgs/package.bash'
[56.741s] INFO:colcon.colcon_core.shell:Creating package script '/home/danielnguyen/cmr/isam2-heuristic-node/install/eufs_msgs/share/eufs_msgs/package.zsh'
[56.741s] Level 1:colcon.colcon_core.environment:create_file_with_runtime_dependencies(/home/danielnguyen/cmr/isam2-heuristic-node/install/eufs_msgs/share/colcon-core/packages/eufs_msgs)
[56.742s] INFO:colcon.colcon_ros.task.ament_cmake.build:Building ROS package in '/home/danielnguyen/cmr/isam2-heuristic-node/workspace/src/isam2' with build type 'ament_cmake'
[56.742s] INFO:colcon.colcon_cmake.task.cmake.build:Building CMake package in '/home/danielnguyen/cmr/isam2-heuristic-node/workspace/src/isam2'
[56.805s] INFO:colcon.colcon_core.shell:Skip shell extension 'powershell' for command environment: Not usable outside of PowerShell
[56.805s] DEBUG:colcon.colcon_core.shell:Skip shell extension 'dsv' for command environment
[56.936s] DEBUG:colcon.colcon_core.event_handler.log_command:Invoking command in '/home/danielnguyen/cmr/isam2-heuristic-node/build/isam2': AMENT_PREFIX_PATH=/home/danielnguyen/cmr/isam2-heuristic-node/install/eufs_msgs:${AMENT_PREFIX_PATH} CMAKE_PREFIX_PATH=/home/danielnguyen/cmr/isam2-heuristic-node/install/eufs_msgs:/opt/ros/foxy LD_LIBRARY_PATH=/home/danielnguyen/cmr/isam2-heuristic-node/install/eufs_msgs/lib:${LD_LIBRARY_PATH} PYTHONPATH=/home/danielnguyen/cmr/isam2-heuristic-node/install/eufs_msgs/lib/python3.8/site-packages:${PYTHONPATH} /usr/bin/cmake /home/danielnguyen/cmr/isam2-heuristic-node/workspace/src/isam2 -DCMAKE_INSTALL_PREFIX=/home/danielnguyen/cmr/isam2-heuristic-node/install/isam2
[58.530s] DEBUG:colcon.colcon_core.event_handler.log_command:Invoked command in '/home/danielnguyen/cmr/isam2-heuristic-node/build/isam2' returned '0': AMENT_PREFIX_PATH=/home/danielnguyen/cmr/isam2-heuristic-node/install/eufs_msgs:${AMENT_PREFIX_PATH} CMAKE_PREFIX_PATH=/home/danielnguyen/cmr/isam2-heuristic-node/install/eufs_msgs:/opt/ros/foxy LD_LIBRARY_PATH=/home/danielnguyen/cmr/isam2-heuristic-node/install/eufs_msgs/lib:${LD_LIBRARY_PATH} PYTHONPATH=/home/danielnguyen/cmr/isam2-heuristic-node/install/eufs_msgs/lib/python3.8/site-packages:${PYTHONPATH} /usr/bin/cmake /home/danielnguyen/cmr/isam2-heuristic-node/workspace/src/isam2 -DCMAKE_INSTALL_PREFIX=/home/danielnguyen/cmr/isam2-heuristic-node/install/isam2
[58.534s] DEBUG:colcon.colcon_core.event_handler.log_command:Invoking command in '/home/danielnguyen/cmr/isam2-heuristic-node/build/isam2': AMENT_PREFIX_PATH=/home/danielnguyen/cmr/isam2-heuristic-node/install/eufs_msgs:${AMENT_PREFIX_PATH} CMAKE_PREFIX_PATH=/home/danielnguyen/cmr/isam2-heuristic-node/install/eufs_msgs:/opt/ros/foxy LD_LIBRARY_PATH=/home/danielnguyen/cmr/isam2-heuristic-node/install/eufs_msgs/lib:${LD_LIBRARY_PATH} PYTHONPATH=/home/danielnguyen/cmr/isam2-heuristic-node/install/eufs_msgs/lib/python3.8/site-packages:${PYTHONPATH} /usr/bin/cmake --build /home/danielnguyen/cmr/isam2-heuristic-node/build/isam2 -- -j8 -l8
[79.197s] DEBUG:colcon.colcon_core.event_handler.log_command:Invoked command in '/home/danielnguyen/cmr/isam2-heuristic-node/build/isam2' returned '0': AMENT_PREFIX_PATH=/home/danielnguyen/cmr/isam2-heuristic-node/install/eufs_msgs:${AMENT_PREFIX_PATH} CMAKE_PREFIX_PATH=/home/danielnguyen/cmr/isam2-heuristic-node/install/eufs_msgs:/opt/ros/foxy LD_LIBRARY_PATH=/home/danielnguyen/cmr/isam2-heuristic-node/install/eufs_msgs/lib:${LD_LIBRARY_PATH} PYTHONPATH=/home/danielnguyen/cmr/isam2-heuristic-node/install/eufs_msgs/lib/python3.8/site-packages:${PYTHONPATH} /usr/bin/cmake --build /home/danielnguyen/cmr/isam2-heuristic-node/build/isam2 -- -j8 -l8
[79.226s] DEBUG:colcon.colcon_core.event_handler.log_command:Invoking command in '/home/danielnguyen/cmr/isam2-heuristic-node/build/isam2': AMENT_PREFIX_PATH=/home/danielnguyen/cmr/isam2-heuristic-node/install/eufs_msgs:${AMENT_PREFIX_PATH} CMAKE_PREFIX_PATH=/home/danielnguyen/cmr/isam2-heuristic-node/install/eufs_msgs:/opt/ros/foxy LD_LIBRARY_PATH=/home/danielnguyen/cmr/isam2-heuristic-node/install/eufs_msgs/lib:${LD_LIBRARY_PATH} PYTHONPATH=/home/danielnguyen/cmr/isam2-heuristic-node/install/eufs_msgs/lib/python3.8/site-packages:${PYTHONPATH} /usr/bin/cmake --install /home/danielnguyen/cmr/isam2-heuristic-node/build/isam2
[79.248s] Level 1:colcon.colcon_core.environment:create_environment_scripts_only(isam2)
[79.249s] DEBUG:colcon.colcon_core.event_handler.log_command:Invoked command in '/home/danielnguyen/cmr/isam2-heuristic-node/build/isam2' returned '0': AMENT_PREFIX_PATH=/home/danielnguyen/cmr/isam2-heuristic-node/install/eufs_msgs:${AMENT_PREFIX_PATH} CMAKE_PREFIX_PATH=/home/danielnguyen/cmr/isam2-heuristic-node/install/eufs_msgs:/opt/ros/foxy LD_LIBRARY_PATH=/home/danielnguyen/cmr/isam2-heuristic-node/install/eufs_msgs/lib:${LD_LIBRARY_PATH} PYTHONPATH=/home/danielnguyen/cmr/isam2-heuristic-node/install/eufs_msgs/lib/python3.8/site-packages:${PYTHONPATH} /usr/bin/cmake --install /home/danielnguyen/cmr/isam2-heuristic-node/build/isam2
[79.309s] Level 1:colcon.colcon_core.environment:checking '/home/danielnguyen/cmr/isam2-heuristic-node/install/isam2' for CMake module files
[79.309s] Level 1:colcon.colcon_core.environment:checking '/home/danielnguyen/cmr/isam2-heuristic-node/install/isam2' for CMake config files
[79.310s] Level 1:colcon.colcon_core.shell:create_environment_hook('isam2', 'cmake_prefix_path')
[79.367s] INFO:colcon.colcon_core.shell:Creating environment hook '/home/danielnguyen/cmr/isam2-heuristic-node/install/isam2/share/isam2/hook/cmake_prefix_path.ps1'
[79.367s] INFO:colcon.colcon_core.shell:Creating environment descriptor '/home/danielnguyen/cmr/isam2-heuristic-node/install/isam2/share/isam2/hook/cmake_prefix_path.dsv'
[79.367s] INFO:colcon.colcon_core.shell:Creating environment hook '/home/danielnguyen/cmr/isam2-heuristic-node/install/isam2/share/isam2/hook/cmake_prefix_path.sh'
[79.368s] Level 1:colcon.colcon_core.environment:checking '/home/danielnguyen/cmr/isam2-heuristic-node/install/isam2/lib'
[79.368s] Level 1:colcon.colcon_core.environment:checking '/home/danielnguyen/cmr/isam2-heuristic-node/install/isam2/bin'
[79.368s] Level 1:colcon.colcon_core.environment:checking '/home/danielnguyen/cmr/isam2-heuristic-node/install/isam2/lib/pkgconfig/isam2.pc'
[79.368s] Level 1:colcon.colcon_core.environment:checking '/home/danielnguyen/cmr/isam2-heuristic-node/install/isam2/lib/python3.8/site-packages'
[79.368s] Level 1:colcon.colcon_core.environment:checking '/home/danielnguyen/cmr/isam2-heuristic-node/install/isam2/bin'
[79.422s] INFO:colcon.colcon_core.shell:Creating package script '/home/danielnguyen/cmr/isam2-heuristic-node/install/isam2/share/isam2/package.ps1'
[79.422s] INFO:colcon.colcon_core.shell:Creating package descriptor '/home/danielnguyen/cmr/isam2-heuristic-node/install/isam2/share/isam2/package.dsv'
[79.423s] INFO:colcon.colcon_core.shell:Creating package script '/home/danielnguyen/cmr/isam2-heuristic-node/install/isam2/share/isam2/package.sh'
[79.423s] INFO:colcon.colcon_core.shell:Creating package script '/home/danielnguyen/cmr/isam2-heuristic-node/install/isam2/share/isam2/package.bash'
[79.423s] INFO:colcon.colcon_core.shell:Creating package script '/home/danielnguyen/cmr/isam2-heuristic-node/install/isam2/share/isam2/package.zsh'
[79.423s] Level 1:colcon.colcon_core.environment:create_file_with_runtime_dependencies(/home/danielnguyen/cmr/isam2-heuristic-node/install/isam2/share/colcon-core/packages/isam2)
[79.506s] Level 1:colcon.colcon_core.environment:create_environment_scripts_only(isam2)
[79.571s] Level 1:colcon.colcon_core.environment:checking '/home/danielnguyen/cmr/isam2-heuristic-node/install/isam2' for CMake module files
[79.572s] Level 1:colcon.colcon_core.environment:checking '/home/danielnguyen/cmr/isam2-heuristic-node/install/isam2' for CMake config files
[79.572s] Level 1:colcon.colcon_core.shell:create_environment_hook('isam2', 'cmake_prefix_path')
[79.626s] INFO:colcon.colcon_core.shell:Creating environment hook '/home/danielnguyen/cmr/isam2-heuristic-node/install/isam2/share/isam2/hook/cmake_prefix_path.ps1'
[79.626s] INFO:colcon.colcon_core.shell:Creating environment descriptor '/home/danielnguyen/cmr/isam2-heuristic-node/install/isam2/share/isam2/hook/cmake_prefix_path.dsv'
[79.626s] INFO:colcon.colcon_core.shell:Creating environment hook '/home/danielnguyen/cmr/isam2-heuristic-node/install/isam2/share/isam2/hook/cmake_prefix_path.sh'
[79.627s] Level 1:colcon.colcon_core.environment:checking '/home/danielnguyen/cmr/isam2-heuristic-node/install/isam2/lib'
[79.627s] Level 1:colcon.colcon_core.environment:checking '/home/danielnguyen/cmr/isam2-heuristic-node/install/isam2/bin'
[79.627s] Level 1:colcon.colcon_core.environment:checking '/home/danielnguyen/cmr/isam2-heuristic-node/install/isam2/lib/pkgconfig/isam2.pc'
[79.627s] Level 1:colcon.colcon_core.environment:checking '/home/danielnguyen/cmr/isam2-heuristic-node/install/isam2/lib/python3.8/site-packages'
[79.627s] Level 1:colcon.colcon_core.environment:checking '/home/danielnguyen/cmr/isam2-heuristic-node/install/isam2/bin'
[79.682s] INFO:colcon.colcon_core.shell:Creating package script '/home/danielnguyen/cmr/isam2-heuristic-node/install/isam2/share/isam2/package.ps1'
[79.683s] INFO:colcon.colcon_core.shell:Creating package descriptor '/home/danielnguyen/cmr/isam2-heuristic-node/install/isam2/share/isam2/package.dsv'
[79.683s] INFO:colcon.colcon_core.shell:Creating package script '/home/danielnguyen/cmr/isam2-heuristic-node/install/isam2/share/isam2/package.sh'
[79.684s] INFO:colcon.colcon_core.shell:Creating package script '/home/danielnguyen/cmr/isam2-heuristic-node/install/isam2/share/isam2/package.bash'
[79.684s] INFO:colcon.colcon_core.shell:Creating package script '/home/danielnguyen/cmr/isam2-heuristic-node/install/isam2/share/isam2/package.zsh'
[79.684s] Level 1:colcon.colcon_core.environment:create_file_with_runtime_dependencies(/home/danielnguyen/cmr/isam2-heuristic-node/install/isam2/share/colcon-core/packages/isam2)
[79.684s] DEBUG:colcon.colcon_parallel_executor.executor.parallel:closing loop
[79.685s] DEBUG:colcon.colcon_parallel_executor.executor.parallel:loop closed
[79.685s] DEBUG:colcon.colcon_parallel_executor.executor.parallel:run_until_complete finished with '0'
[79.685s] DEBUG:colcon.colcon_core.event_reactor:joining thread
[79.758s] INFO:colcon.colcon_core.plugin_system:Skipping extension 'colcon_notification.desktop_notification.terminal_notifier': Not used on non-Darwin systems
[79.758s] INFO:colcon.colcon_core.plugin_system:Skipping extension 'colcon_notification.desktop_notification.win32': Not used on non-Windows systems
[79.758s] INFO:colcon.colcon_notification.desktop_notification:Sending desktop notification using 'notify2'
[79.772s] DEBUG:colcon.colcon_core.event_reactor:joined thread
[79.838s] INFO:colcon.colcon_core.shell:Creating prefix script '/home/danielnguyen/cmr/isam2-heuristic-node/install/local_setup.ps1'
[79.839s] INFO:colcon.colcon_core.shell:Creating prefix util module '/home/danielnguyen/cmr/isam2-heuristic-node/install/_local_setup_util_ps1.py'
[79.840s] INFO:colcon.colcon_core.shell:Creating prefix chain script '/home/danielnguyen/cmr/isam2-heuristic-node/install/setup.ps1'
[79.897s] INFO:colcon.colcon_core.shell:Creating prefix script '/home/danielnguyen/cmr/isam2-heuristic-node/install/local_setup.sh'
[79.898s] INFO:colcon.colcon_core.shell:Creating prefix util module '/home/danielnguyen/cmr/isam2-heuristic-node/install/_local_setup_util_sh.py'
[79.898s] INFO:colcon.colcon_core.shell:Creating prefix chain script '/home/danielnguyen/cmr/isam2-heuristic-node/install/setup.sh'
[79.973s] INFO:colcon.colcon_core.shell:Creating prefix script '/home/danielnguyen/cmr/isam2-heuristic-node/install/local_setup.bash'
[79.974s] INFO:colcon.colcon_core.shell:Creating prefix chain script '/home/danielnguyen/cmr/isam2-heuristic-node/install/setup.bash'
[80.031s] INFO:colcon.colcon_core.shell:Creating prefix script '/home/danielnguyen/cmr/isam2-heuristic-node/install/local_setup.zsh'
[80.031s] INFO:colcon.colcon_core.shell:Creating prefix chain script '/home/danielnguyen/cmr/isam2-heuristic-node/install/setup.zsh'
