[0.188s] Invoking command in '/home/danielnguyen/cmr/isam2-heuristic-node/build/isam2': CMAKE_PREFIX_PATH=/opt/ros/foxy /usr/bin/cmake /home/danielnguyen/cmr/isam2-heuristic-node/workspace/src/isam2 -DCMAKE_INSTALL_PREFIX=/home/danielnguyen/cmr/isam2-heuristic-node/install/isam2
[0.381s] -- The C compiler identification is GNU 9.4.0
[0.546s] -- The CXX compiler identification is GNU 9.4.0
[0.554s] -- Check for working C compiler: /usr/bin/cc
[0.629s] -- Check for working C compiler: /usr/bin/cc -- works
[0.631s] -- Detecting C compiler ABI info
[0.706s] -- Detecting C compiler ABI info - done
[0.719s] -- Detecting C compile features
[0.719s] -- Detecting C compile features - done
[0.723s] -- Check for working CXX compiler: /usr/bin/c++
[0.816s] -- Check for working CXX compiler: /usr/bin/c++ -- works
[0.817s] -- Detecting CXX compiler ABI info
[0.903s] -- Detecting CXX compiler ABI info - done
[0.915s] -- Detecting CXX compile features
[0.916s] -- Detecting CXX compile features - done
[0.918s] -- Found geometry_msgs: 2.0.5 (/opt/ros/foxy/share/geometry_msgs/cmake)
[0.951s] -- Found PythonInterp: /usr/bin/python3 (found suitable version "3.8.10", minimum required is "3") 
[0.952s] -- Using PYTHON_EXECUTABLE: /usr/bin/python3
[1.236s] -- Using all available rosidl_typesupport_c: rosidl_typesupport_fastrtps_c;rosidl_typesupport_introspection_c
[1.249s] -- Found rosidl_adapter: 1.3.1 (/opt/ros/foxy/share/rosidl_adapter/cmake)
[1.391s] -- Found OpenSSL: /usr/lib/x86_64-linux-gnu/libcrypto.so (found version "1.1.1f")  
[1.425s] -- Found FastRTPS: /opt/ros/foxy/include  
[1.508s] -- Using all available rosidl_typesupport_cpp: rosidl_typesupport_fastrtps_cpp;rosidl_typesupport_introspection_cpp
[1.608s] CMake Error at CMakeLists.txt:20 (find_package):
[1.608s]   By not providing "Findeufs_msgs.cmake" in CMAKE_MODULE_PATH this project
[1.608s]   has asked CMake to find a package configuration file provided by
[1.608s]   "eufs_msgs", but CMake did not find one.
[1.608s] 
[1.608s]   Could not find a package configuration file provided by "eufs_msgs" with
[1.608s]   any of the following names:
[1.608s] 
[1.608s]     eufs_msgsConfig.cmake
[1.609s]     eufs_msgs-config.cmake
[1.609s] 
[1.609s]   Add the installation prefix of "eufs_msgs" to CMAKE_PREFIX_PATH or set
[1.609s]   "eufs_msgs_DIR" to a directory containing one of the above files.  If
[1.609s]   "eufs_msgs" provides a separate development package or SDK, be sure it has
[1.609s]   been installed.
[1.609s] 
[1.609s] 
[1.609s] -- Configuring incomplete, errors occurred!
[1.609s] See also "/home/danielnguyen/cmr/isam2-heuristic-node/build/isam2/CMakeFiles/CMakeOutput.log".
[1.617s] Invoked command in '/home/danielnguyen/cmr/isam2-heuristic-node/build/isam2' returned '1': CMAKE_PREFIX_PATH=/opt/ros/foxy /usr/bin/cmake /home/danielnguyen/cmr/isam2-heuristic-node/workspace/src/isam2 -DCMAKE_INSTALL_PREFIX=/home/danielnguyen/cmr/isam2-heuristic-node/install/isam2
