[3.124s] DEBUG:colcon:Command line arguments: ['/usr/bin/colcon', 'build']
[3.125s] DEBUG:colcon:Parsed command line arguments: Namespace(allow_overriding=[], ament_cmake_args=None, base_paths=['.'], build_base='build', catkin_cmake_args=None, catkin_skip_building_tests=False, cmake_args=None, cmake_clean_cache=False, cmake_clean_first=False, cmake_force_configure=False, cmake_target=None, cmake_target_skip_unavailable=False, continue_on_error=False, event_handlers=None, executor='parallel', ignore_user_meta=False, install_base='install', log_base=None, log_level=None, main=<bound method BuildVerb.main of <colcon_core.verb.build.BuildVerb object at 0x7f50bd43cc70>>, merge_install=False, metas=['./colcon.meta'], packages_above=None, packages_above_and_dependencies=None, packages_above_depth=None, packages_end=None, packages_ignore=None, packages_ignore_regex=None, packages_select=None, packages_select_build_failed=False, packages_select_by_dep=None, packages_select_regex=None, packages_select_test_failures=False, packages_skip=None, packages_skip_build_finished=False, packages_skip_by_dep=None, packages_skip_regex=None, packages_skip_test_passed=False, packages_skip_up_to=None, packages_start=None, packages_up_to=None, packages_up_to_regex=None, parallel_workers=8, paths=None, symlink_install=False, test_result_base=None, verb_extension=<colcon_core.verb.build.BuildVerb object at 0x7f50bd43cc70>, verb_name='build', verb_parser=<colcon_defaults.argument_parser.defaults.DefaultArgumentsDecorator object at 0x7f50bd03a760>)
[3.255s] Level 1:colcon.colcon_core.package_discovery:discover_packages(colcon_meta) check parameters
[3.255s] Level 1:colcon.colcon_core.package_discovery:discover_packages(recursive) check parameters
[3.255s] Level 1:colcon.colcon_core.package_discovery:discover_packages(ignore) check parameters
[3.255s] Level 1:colcon.colcon_core.package_discovery:discover_packages(path) check parameters
[3.255s] Level 1:colcon.colcon_core.package_discovery:discover_packages(colcon_meta) discover
[3.255s] Level 1:colcon.colcon_core.package_discovery:discover_packages(recursive) discover
[3.255s] INFO:colcon.colcon_core.package_discovery:Crawling recursively for packages in '/home/danielnguyen/cmr/isam2-heuristic-node'
[3.255s] Level 1:colcon.colcon_core.package_identification:_identify(.) by extensions ['ignore', 'ignore_ament_install']
[3.255s] Level 1:colcon.colcon_core.package_identification:_identify(.) by extension 'ignore'
[3.255s] Level 1:colcon.colcon_core.package_identification:_identify(.) by extension 'ignore_ament_install'
[3.255s] Level 1:colcon.colcon_core.package_identification:_identify(.) by extensions ['colcon_pkg']
[3.255s] Level 1:colcon.colcon_core.package_identification:_identify(.) by extension 'colcon_pkg'
[3.255s] Level 1:colcon.colcon_core.package_identification:_identify(.) by extensions ['colcon_meta']
[3.255s] Level 1:colcon.colcon_core.package_identification:_identify(.) by extension 'colcon_meta'
[3.255s] Level 1:colcon.colcon_core.package_identification:_identify(.) by extensions ['ros']
[3.255s] Level 1:colcon.colcon_core.package_identification:_identify(.) by extension 'ros'
[3.274s] Level 1:colcon.colcon_core.package_identification:_identify(.) by extensions ['cmake', 'python']
[3.275s] Level 1:colcon.colcon_core.package_identification:_identify(.) by extension 'cmake'
[3.275s] Level 1:colcon.colcon_core.package_identification:_identify(.) by extension 'python'
[3.275s] Level 1:colcon.colcon_core.package_identification:_identify(.) by extensions ['python_setup_py']
[3.275s] Level 1:colcon.colcon_core.package_identification:_identify(.) by extension 'python_setup_py'
[3.275s] Level 1:colcon.colcon_core.package_identification:_identify(build) by extensions ['ignore', 'ignore_ament_install']
[3.275s] Level 1:colcon.colcon_core.package_identification:_identify(build) by extension 'ignore'
[3.275s] Level 1:colcon.colcon_core.package_identification:_identify(build) ignored
[3.275s] Level 1:colcon.colcon_core.package_identification:_identify(eufs) by extensions ['ignore', 'ignore_ament_install']
[3.275s] Level 1:colcon.colcon_core.package_identification:_identify(eufs) by extension 'ignore'
[3.275s] Level 1:colcon.colcon_core.package_identification:_identify(eufs) by extension 'ignore_ament_install'
[3.275s] Level 1:colcon.colcon_core.package_identification:_identify(eufs) by extensions ['colcon_pkg']
[3.275s] Level 1:colcon.colcon_core.package_identification:_identify(eufs) by extension 'colcon_pkg'
[3.275s] Level 1:colcon.colcon_core.package_identification:_identify(eufs) by extensions ['colcon_meta']
[3.275s] Level 1:colcon.colcon_core.package_identification:_identify(eufs) by extension 'colcon_meta'
[3.275s] Level 1:colcon.colcon_core.package_identification:_identify(eufs) by extensions ['ros']
[3.275s] Level 1:colcon.colcon_core.package_identification:_identify(eufs) by extension 'ros'
[3.275s] Level 1:colcon.colcon_core.package_identification:_identify(eufs) by extensions ['cmake', 'python']
[3.276s] Level 1:colcon.colcon_core.package_identification:_identify(eufs) by extension 'cmake'
[3.276s] Level 1:colcon.colcon_core.package_identification:_identify(eufs) by extension 'python'
[3.276s] Level 1:colcon.colcon_core.package_identification:_identify(eufs) by extensions ['python_setup_py']
[3.276s] Level 1:colcon.colcon_core.package_identification:_identify(eufs) by extension 'python_setup_py'
[3.276s] Level 1:colcon.colcon_core.package_identification:_identify(eufs/build) by extensions ['ignore', 'ignore_ament_install']
[3.276s] Level 1:colcon.colcon_core.package_identification:_identify(eufs/build) by extension 'ignore'
[3.276s] Level 1:colcon.colcon_core.package_identification:_identify(eufs/build) ignored
[3.276s] Level 1:colcon.colcon_core.package_identification:_identify(eufs/eufs_msgs) by extensions ['ignore', 'ignore_ament_install']
[3.276s] Level 1:colcon.colcon_core.package_identification:_identify(eufs/eufs_msgs) by extension 'ignore'
[3.276s] Level 1:colcon.colcon_core.package_identification:_identify(eufs/eufs_msgs) by extension 'ignore_ament_install'
[3.276s] Level 1:colcon.colcon_core.package_identification:_identify(eufs/eufs_msgs) by extensions ['colcon_pkg']
[3.276s] Level 1:colcon.colcon_core.package_identification:_identify(eufs/eufs_msgs) by extension 'colcon_pkg'
[3.276s] Level 1:colcon.colcon_core.package_identification:_identify(eufs/eufs_msgs) by extensions ['colcon_meta']
[3.276s] Level 1:colcon.colcon_core.package_identification:_identify(eufs/eufs_msgs) by extension 'colcon_meta'
[3.276s] Level 1:colcon.colcon_core.package_identification:_identify(eufs/eufs_msgs) by extensions ['ros']
[3.276s] Level 1:colcon.colcon_core.package_identification:_identify(eufs/eufs_msgs) by extension 'ros'
[3.276s] Level 1:colcon.colcon_core.package_identification:_identify(eufs/eufs_msgs) by extensions ['cmake', 'python']
[3.276s] Level 1:colcon.colcon_core.package_identification:_identify(eufs/eufs_msgs) by extension 'cmake'
[3.276s] Level 1:colcon.colcon_core.package_identification:_identify(eufs/eufs_msgs) by extension 'python'
[3.276s] Level 1:colcon.colcon_core.package_identification:_identify(eufs/eufs_msgs) by extensions ['python_setup_py']
[3.276s] Level 1:colcon.colcon_core.package_identification:_identify(eufs/eufs_msgs) by extension 'python_setup_py'
[3.277s] Level 1:colcon.colcon_core.package_identification:_identify(eufs/eufs_rviz_plugins) by extensions ['ignore', 'ignore_ament_install']
[3.277s] Level 1:colcon.colcon_core.package_identification:_identify(eufs/eufs_rviz_plugins) by extension 'ignore'
[3.277s] Level 1:colcon.colcon_core.package_identification:_identify(eufs/eufs_rviz_plugins) by extension 'ignore_ament_install'
[3.277s] Level 1:colcon.colcon_core.package_identification:_identify(eufs/eufs_rviz_plugins) by extensions ['colcon_pkg']
[3.277s] Level 1:colcon.colcon_core.package_identification:_identify(eufs/eufs_rviz_plugins) by extension 'colcon_pkg'
[3.277s] Level 1:colcon.colcon_core.package_identification:_identify(eufs/eufs_rviz_plugins) by extensions ['colcon_meta']
[3.277s] Level 1:colcon.colcon_core.package_identification:_identify(eufs/eufs_rviz_plugins) by extension 'colcon_meta'
[3.277s] Level 1:colcon.colcon_core.package_identification:_identify(eufs/eufs_rviz_plugins) by extensions ['ros']
[3.277s] Level 1:colcon.colcon_core.package_identification:_identify(eufs/eufs_rviz_plugins) by extension 'ros'
[3.277s] Level 1:colcon.colcon_core.package_identification:_identify(eufs/eufs_rviz_plugins) by extensions ['cmake', 'python']
[3.277s] Level 1:colcon.colcon_core.package_identification:_identify(eufs/eufs_rviz_plugins) by extension 'cmake'
[3.277s] Level 1:colcon.colcon_core.package_identification:_identify(eufs/eufs_rviz_plugins) by extension 'python'
[3.277s] Level 1:colcon.colcon_core.package_identification:_identify(eufs/eufs_rviz_plugins) by extensions ['python_setup_py']
[3.277s] Level 1:colcon.colcon_core.package_identification:_identify(eufs/eufs_rviz_plugins) by extension 'python_setup_py'
[3.277s] Level 1:colcon.colcon_core.package_identification:_identify(eufs/eufs_sim) by extensions ['ignore', 'ignore_ament_install']
[3.277s] Level 1:colcon.colcon_core.package_identification:_identify(eufs/eufs_sim) by extension 'ignore'
[3.277s] Level 1:colcon.colcon_core.package_identification:_identify(eufs/eufs_sim) by extension 'ignore_ament_install'
[3.277s] Level 1:colcon.colcon_core.package_identification:_identify(eufs/eufs_sim) by extensions ['colcon_pkg']
[3.277s] Level 1:colcon.colcon_core.package_identification:_identify(eufs/eufs_sim) by extension 'colcon_pkg'
[3.277s] Level 1:colcon.colcon_core.package_identification:_identify(eufs/eufs_sim) by extensions ['colcon_meta']
[3.277s] Level 1:colcon.colcon_core.package_identification:_identify(eufs/eufs_sim) by extension 'colcon_meta'
[3.278s] Level 1:colcon.colcon_core.package_identification:_identify(eufs/eufs_sim) by extensions ['ros']
[3.278s] Level 1:colcon.colcon_core.package_identification:_identify(eufs/eufs_sim) by extension 'ros'
[3.278s] Level 1:colcon.colcon_core.package_identification:_identify(eufs/eufs_sim) by extensions ['cmake', 'python']
[3.278s] Level 1:colcon.colcon_core.package_identification:_identify(eufs/eufs_sim) by extension 'cmake'
[3.278s] Level 1:colcon.colcon_core.package_identification:_identify(eufs/eufs_sim) by extension 'python'
[3.278s] Level 1:colcon.colcon_core.package_identification:_identify(eufs/eufs_sim) by extensions ['python_setup_py']
[3.278s] Level 1:colcon.colcon_core.package_identification:_identify(eufs/eufs_sim) by extension 'python_setup_py'
[3.278s] Level 1:colcon.colcon_core.package_identification:_identify(eufs/install) by extensions ['ignore', 'ignore_ament_install']
[3.278s] Level 1:colcon.colcon_core.package_identification:_identify(eufs/install) by extension 'ignore'
[3.278s] Level 1:colcon.colcon_core.package_identification:_identify(eufs/install) ignored
[3.278s] Level 1:colcon.colcon_core.package_identification:_identify(eufs/log) by extensions ['ignore', 'ignore_ament_install']
[3.278s] Level 1:colcon.colcon_core.package_identification:_identify(eufs/log) by extension 'ignore'
[3.278s] Level 1:colcon.colcon_core.package_identification:_identify(eufs/log) ignored
[3.278s] Level 1:colcon.colcon_core.package_identification:_identify(install) by extensions ['ignore', 'ignore_ament_install']
[3.278s] Level 1:colcon.colcon_core.package_identification:_identify(install) by extension 'ignore'
[3.278s] Level 1:colcon.colcon_core.package_identification:_identify(install) ignored
[3.278s] Level 1:colcon.colcon_core.package_identification:_identify(log) by extensions ['ignore', 'ignore_ament_install']
[3.279s] Level 1:colcon.colcon_core.package_identification:_identify(log) by extension 'ignore'
[3.279s] Level 1:colcon.colcon_core.package_identification:_identify(log) ignored
[3.279s] Level 1:colcon.colcon_core.package_identification:_identify(workspace) by extensions ['ignore', 'ignore_ament_install']
[3.279s] Level 1:colcon.colcon_core.package_identification:_identify(workspace) by extension 'ignore'
[3.279s] Level 1:colcon.colcon_core.package_identification:_identify(workspace) by extension 'ignore_ament_install'
[3.279s] Level 1:colcon.colcon_core.package_identification:_identify(workspace) by extensions ['colcon_pkg']
[3.279s] Level 1:colcon.colcon_core.package_identification:_identify(workspace) by extension 'colcon_pkg'
[3.279s] Level 1:colcon.colcon_core.package_identification:_identify(workspace) by extensions ['colcon_meta']
[3.279s] Level 1:colcon.colcon_core.package_identification:_identify(workspace) by extension 'colcon_meta'
[3.279s] Level 1:colcon.colcon_core.package_identification:_identify(workspace) by extensions ['ros']
[3.279s] Level 1:colcon.colcon_core.package_identification:_identify(workspace) by extension 'ros'
[3.279s] Level 1:colcon.colcon_core.package_identification:_identify(workspace) by extensions ['cmake', 'python']
[3.279s] Level 1:colcon.colcon_core.package_identification:_identify(workspace) by extension 'cmake'
[3.279s] Level 1:colcon.colcon_core.package_identification:_identify(workspace) by extension 'python'
[3.279s] Level 1:colcon.colcon_core.package_identification:_identify(workspace) by extensions ['python_setup_py']
[3.279s] Level 1:colcon.colcon_core.package_identification:_identify(workspace) by extension 'python_setup_py'
[3.279s] Level 1:colcon.colcon_core.package_identification:_identify(workspace/build) by extensions ['ignore', 'ignore_ament_install']
[3.279s] Level 1:colcon.colcon_core.package_identification:_identify(workspace/build) by extension 'ignore'
[3.279s] Level 1:colcon.colcon_core.package_identification:_identify(workspace/build) ignored
[3.280s] Level 1:colcon.colcon_core.package_identification:_identify(workspace/install) by extensions ['ignore', 'ignore_ament_install']
[3.280s] Level 1:colcon.colcon_core.package_identification:_identify(workspace/install) by extension 'ignore'
[3.280s] Level 1:colcon.colcon_core.package_identification:_identify(workspace/install) ignored
[3.280s] Level 1:colcon.colcon_core.package_identification:_identify(workspace/log) by extensions ['ignore', 'ignore_ament_install']
[3.280s] Level 1:colcon.colcon_core.package_identification:_identify(workspace/log) by extension 'ignore'
[3.280s] Level 1:colcon.colcon_core.package_identification:_identify(workspace/log) ignored
[3.280s] Level 1:colcon.colcon_core.package_identification:_identify(workspace/src) by extensions ['ignore', 'ignore_ament_install']
[3.280s] Level 1:colcon.colcon_core.package_identification:_identify(workspace/src) by extension 'ignore'
[3.280s] Level 1:colcon.colcon_core.package_identification:_identify(workspace/src) by extension 'ignore_ament_install'
[3.280s] Level 1:colcon.colcon_core.package_identification:_identify(workspace/src) by extensions ['colcon_pkg']
[3.280s] Level 1:colcon.colcon_core.package_identification:_identify(workspace/src) by extension 'colcon_pkg'
[3.280s] Level 1:colcon.colcon_core.package_identification:_identify(workspace/src) by extensions ['colcon_meta']
[3.280s] Level 1:colcon.colcon_core.package_identification:_identify(workspace/src) by extension 'colcon_meta'
[3.280s] Level 1:colcon.colcon_core.package_identification:_identify(workspace/src) by extensions ['ros']
[3.280s] Level 1:colcon.colcon_core.package_identification:_identify(workspace/src) by extension 'ros'
[3.280s] Level 1:colcon.colcon_core.package_identification:_identify(workspace/src) by extensions ['cmake', 'python']
[3.280s] Level 1:colcon.colcon_core.package_identification:_identify(workspace/src) by extension 'cmake'
[3.280s] Level 1:colcon.colcon_core.package_identification:_identify(workspace/src) by extension 'python'
[3.280s] Level 1:colcon.colcon_core.package_identification:_identify(workspace/src) by extensions ['python_setup_py']
[3.280s] Level 1:colcon.colcon_core.package_identification:_identify(workspace/src) by extension 'python_setup_py'
[3.281s] Level 1:colcon.colcon_core.package_identification:_identify(workspace/src/eufs_msgs) by extensions ['ignore', 'ignore_ament_install']
[3.281s] Level 1:colcon.colcon_core.package_identification:_identify(workspace/src/eufs_msgs) by extension 'ignore'
[3.281s] Level 1:colcon.colcon_core.package_identification:_identify(workspace/src/eufs_msgs) by extension 'ignore_ament_install'
[3.281s] Level 1:colcon.colcon_core.package_identification:_identify(workspace/src/eufs_msgs) by extensions ['colcon_pkg']
[3.281s] Level 1:colcon.colcon_core.package_identification:_identify(workspace/src/eufs_msgs) by extension 'colcon_pkg'
[3.281s] Level 1:colcon.colcon_core.package_identification:_identify(workspace/src/eufs_msgs) by extensions ['colcon_meta']
[3.281s] Level 1:colcon.colcon_core.package_identification:_identify(workspace/src/eufs_msgs) by extension 'colcon_meta'
[3.281s] Level 1:colcon.colcon_core.package_identification:_identify(workspace/src/eufs_msgs) by extensions ['ros']
[3.281s] Level 1:colcon.colcon_core.package_identification:_identify(workspace/src/eufs_msgs) by extension 'ros'
[3.281s] Level 1:colcon.colcon_core.package_identification:_identify(workspace/src/eufs_msgs) by extensions ['cmake', 'python']
[3.281s] Level 1:colcon.colcon_core.package_identification:_identify(workspace/src/eufs_msgs) by extension 'cmake'
[3.281s] Level 1:colcon.colcon_core.package_identification:_identify(workspace/src/eufs_msgs) by extension 'python'
[3.281s] Level 1:colcon.colcon_core.package_identification:_identify(workspace/src/eufs_msgs) by extensions ['python_setup_py']
[3.281s] Level 1:colcon.colcon_core.package_identification:_identify(workspace/src/eufs_msgs) by extension 'python_setup_py'
[3.281s] Level 1:colcon.colcon_core.package_identification:_identify(workspace/src/isam2) by extensions ['ignore', 'ignore_ament_install']
[3.281s] Level 1:colcon.colcon_core.package_identification:_identify(workspace/src/isam2) by extension 'ignore'
[3.281s] Level 1:colcon.colcon_core.package_identification:_identify(workspace/src/isam2) by extension 'ignore_ament_install'
[3.281s] Level 1:colcon.colcon_core.package_identification:_identify(workspace/src/isam2) by extensions ['colcon_pkg']
[3.281s] Level 1:colcon.colcon_core.package_identification:_identify(workspace/src/isam2) by extension 'colcon_pkg'
[3.281s] Level 1:colcon.colcon_core.package_identification:_identify(workspace/src/isam2) by extensions ['colcon_meta']
[3.282s] Level 1:colcon.colcon_core.package_identification:_identify(workspace/src/isam2) by extension 'colcon_meta'
[3.282s] Level 1:colcon.colcon_core.package_identification:_identify(workspace/src/isam2) by extensions ['ros']
[3.282s] Level 1:colcon.colcon_core.package_identification:_identify(workspace/src/isam2) by extension 'ros'
[3.284s] DEBUG:colcon.colcon_core.package_identification:Package 'workspace/src/isam2' with type 'ros.ament_cmake' and name 'isam2'
[3.284s] Level 1:colcon.colcon_core.package_discovery:discover_packages(recursive) using defaults
[3.284s] Level 1:colcon.colcon_core.package_discovery:discover_packages(ignore) discover
[3.284s] Level 1:colcon.colcon_core.package_discovery:discover_packages(ignore) using defaults
[3.284s] Level 1:colcon.colcon_core.package_discovery:discover_packages(path) discover
[3.284s] Level 1:colcon.colcon_core.package_discovery:discover_packages(path) using defaults
[3.563s] Level 1:colcon.colcon_core.package_discovery:discover_packages(prefix_path) check parameters
[3.563s] Level 1:colcon.colcon_core.package_discovery:discover_packages(prefix_path) discover
[3.680s] DEBUG:colcon.colcon_installed_package_information.package_discovery:Found 257 installed packages in /opt/ros/foxy
[3.682s] Level 1:colcon.colcon_core.package_discovery:discover_packages(prefix_path) using defaults
[3.850s] Level 5:colcon.colcon_core.verb:set package 'isam2' build argument 'cmake_args' from command line to 'None'
[3.850s] Level 5:colcon.colcon_core.verb:set package 'isam2' build argument 'cmake_target' from command line to 'None'
[3.850s] Level 5:colcon.colcon_core.verb:set package 'isam2' build argument 'cmake_target_skip_unavailable' from command line to 'False'
[3.850s] Level 5:colcon.colcon_core.verb:set package 'isam2' build argument 'cmake_clean_cache' from command line to 'False'
[3.850s] Level 5:colcon.colcon_core.verb:set package 'isam2' build argument 'cmake_clean_first' from command line to 'False'
[3.850s] Level 5:colcon.colcon_core.verb:set package 'isam2' build argument 'cmake_force_configure' from command line to 'False'
[3.850s] Level 5:colcon.colcon_core.verb:set package 'isam2' build argument 'ament_cmake_args' from command line to 'None'
[3.850s] Level 5:colcon.colcon_core.verb:set package 'isam2' build argument 'catkin_cmake_args' from command line to 'None'
[3.850s] Level 5:colcon.colcon_core.verb:set package 'isam2' build argument 'catkin_skip_building_tests' from command line to 'False'
[3.850s] DEBUG:colcon.colcon_core.verb:Building package 'isam2' with the following arguments: {'ament_cmake_args': None, 'build_base': '/home/danielnguyen/cmr/isam2-heuristic-node/build/isam2', 'catkin_cmake_args': None, 'catkin_skip_building_tests': False, 'cmake_args': None, 'cmake_clean_cache': False, 'cmake_clean_first': False, 'cmake_force_configure': False, 'cmake_target': None, 'cmake_target_skip_unavailable': False, 'install_base': '/home/danielnguyen/cmr/isam2-heuristic-node/install/isam2', 'merge_install': False, 'path': '/home/danielnguyen/cmr/isam2-heuristic-node/workspace/src/isam2', 'symlink_install': False, 'test_result_base': None}
[3.903s] INFO:colcon.colcon_core.executor:Executing jobs using 'parallel' executor
[3.957s] DEBUG:colcon.colcon_parallel_executor.executor.parallel:run_until_complete
[3.957s] INFO:colcon.colcon_ros.task.ament_cmake.build:Building ROS package in '/home/danielnguyen/cmr/isam2-heuristic-node/workspace/src/isam2' with build type 'ament_cmake'
[3.957s] INFO:colcon.colcon_cmake.task.cmake.build:Building CMake package in '/home/danielnguyen/cmr/isam2-heuristic-node/workspace/src/isam2'
[4.018s] INFO:colcon.colcon_core.plugin_system:Skipping extension 'colcon_core.shell.bat': Not used on non-Windows systems
[4.018s] INFO:colcon.colcon_core.shell:Skip shell extension 'powershell' for command environment: Not usable outside of PowerShell
[4.018s] DEBUG:colcon.colcon_core.shell:Skip shell extension 'dsv' for command environment
[4.146s] DEBUG:colcon.colcon_core.event_handler.log_command:Invoking command in '/home/danielnguyen/cmr/isam2-heuristic-node/build/isam2': CMAKE_PREFIX_PATH=/opt/ros/foxy /usr/bin/cmake /home/danielnguyen/cmr/isam2-heuristic-node/workspace/src/isam2 -DCMAKE_INSTALL_PREFIX=/home/danielnguyen/cmr/isam2-heuristic-node/install/isam2
[5.574s] DEBUG:colcon.colcon_core.event_handler.log_command:Invoked command in '/home/danielnguyen/cmr/isam2-heuristic-node/build/isam2' returned '1': CMAKE_PREFIX_PATH=/opt/ros/foxy /usr/bin/cmake /home/danielnguyen/cmr/isam2-heuristic-node/workspace/src/isam2 -DCMAKE_INSTALL_PREFIX=/home/danielnguyen/cmr/isam2-heuristic-node/install/isam2
[5.590s] Level 1:colcon.colcon_core.environment:create_environment_scripts_only(isam2)
[5.652s] Level 1:colcon.colcon_core.environment:checking '/home/danielnguyen/cmr/isam2-heuristic-node/install/isam2' for CMake module files
[5.652s] Level 1:colcon.colcon_core.environment:checking '/home/danielnguyen/cmr/isam2-heuristic-node/install/isam2' for CMake config files
[5.653s] Level 1:colcon.colcon_core.environment:checking '/home/danielnguyen/cmr/isam2-heuristic-node/install/isam2/bin'
[5.653s] Level 1:colcon.colcon_core.environment:checking '/home/danielnguyen/cmr/isam2-heuristic-node/install/isam2/lib/pkgconfig/isam2.pc'
[5.653s] Level 1:colcon.colcon_core.environment:checking '/home/danielnguyen/cmr/isam2-heuristic-node/install/isam2/lib/python3.8/site-packages'
[5.653s] Level 1:colcon.colcon_core.environment:checking '/home/danielnguyen/cmr/isam2-heuristic-node/install/isam2/bin'
[5.709s] INFO:colcon.colcon_core.shell:Creating package script '/home/danielnguyen/cmr/isam2-heuristic-node/install/isam2/share/isam2/package.ps1'
[5.710s] INFO:colcon.colcon_core.shell:Creating package descriptor '/home/danielnguyen/cmr/isam2-heuristic-node/install/isam2/share/isam2/package.dsv'
[5.710s] INFO:colcon.colcon_core.shell:Creating package script '/home/danielnguyen/cmr/isam2-heuristic-node/install/isam2/share/isam2/package.sh'
[5.711s] INFO:colcon.colcon_core.shell:Creating package script '/home/danielnguyen/cmr/isam2-heuristic-node/install/isam2/share/isam2/package.bash'
[5.711s] INFO:colcon.colcon_core.shell:Creating package script '/home/danielnguyen/cmr/isam2-heuristic-node/install/isam2/share/isam2/package.zsh'
[5.712s] Level 1:colcon.colcon_core.environment:create_file_with_runtime_dependencies(/home/danielnguyen/cmr/isam2-heuristic-node/install/isam2/share/colcon-core/packages/isam2)
[5.723s] DEBUG:colcon.colcon_parallel_executor.executor.parallel:closing loop
[5.723s] DEBUG:colcon.colcon_parallel_executor.executor.parallel:loop closed
[5.723s] DEBUG:colcon.colcon_parallel_executor.executor.parallel:run_until_complete finished with '1'
[5.723s] DEBUG:colcon.colcon_core.event_reactor:joining thread
[5.811s] INFO:colcon.colcon_core.plugin_system:Skipping extension 'colcon_notification.desktop_notification.terminal_notifier': Not used on non-Darwin systems
[5.811s] INFO:colcon.colcon_core.plugin_system:Skipping extension 'colcon_notification.desktop_notification.win32': Not used on non-Windows systems
[5.811s] INFO:colcon.colcon_notification.desktop_notification:Sending desktop notification using 'notify2'
[5.827s] DEBUG:colcon.colcon_core.event_reactor:joined thread
[5.903s] INFO:colcon.colcon_core.shell:Creating prefix script '/home/danielnguyen/cmr/isam2-heuristic-node/install/local_setup.ps1'
[5.904s] INFO:colcon.colcon_core.shell:Creating prefix util module '/home/danielnguyen/cmr/isam2-heuristic-node/install/_local_setup_util_ps1.py'
[5.905s] INFO:colcon.colcon_core.shell:Creating prefix chain script '/home/danielnguyen/cmr/isam2-heuristic-node/install/setup.ps1'
[5.964s] INFO:colcon.colcon_core.shell:Creating prefix script '/home/danielnguyen/cmr/isam2-heuristic-node/install/local_setup.sh'
[5.965s] INFO:colcon.colcon_core.shell:Creating prefix util module '/home/danielnguyen/cmr/isam2-heuristic-node/install/_local_setup_util_sh.py'
[5.965s] INFO:colcon.colcon_core.shell:Creating prefix chain script '/home/danielnguyen/cmr/isam2-heuristic-node/install/setup.sh'
[6.023s] INFO:colcon.colcon_core.shell:Creating prefix script '/home/danielnguyen/cmr/isam2-heuristic-node/install/local_setup.bash'
[6.023s] INFO:colcon.colcon_core.shell:Creating prefix chain script '/home/danielnguyen/cmr/isam2-heuristic-node/install/setup.bash'
[6.077s] INFO:colcon.colcon_core.shell:Creating prefix script '/home/danielnguyen/cmr/isam2-heuristic-node/install/local_setup.zsh'
[6.078s] INFO:colcon.colcon_core.shell:Creating prefix chain script '/home/danielnguyen/cmr/isam2-heuristic-node/install/setup.zsh'
